[2025-10-29T03:07:20.329+0700] {local_task_job_runner.py:120} INFO - ::group::Pre task execution logs
[2025-10-29T03:07:20.346+0700] {taskinstance.py:2073} INFO - Dependencies all met for dep_context=non-requeueable deps ti=<TaskInstance: absa_streaming_lifecycle_demo1.deploy_consumer manual__2025-10-28T20:07:18.155316+00:00 [queued]>
[2025-10-29T03:07:20.350+0700] {taskinstance.py:2073} INFO - Dependencies all met for dep_context=requeueable deps ti=<TaskInstance: absa_streaming_lifecycle_demo1.deploy_consumer manual__2025-10-28T20:07:18.155316+00:00 [queued]>
[2025-10-29T03:07:20.350+0700] {taskinstance.py:2303} INFO - Starting attempt 1 of 6
[2025-10-29T03:07:20.359+0700] {taskinstance.py:2327} INFO - Executing <Task(BashOperator): deploy_consumer> on 2025-10-28 20:07:18.155316+00:00
[2025-10-29T03:07:20.366+0700] {warnings.py:110} WARNING - /home/***/.local/lib/python3.12/site-packages/***/task/task_runner/standard_task_runner.py:61: DeprecationWarning: This process (pid=340) is multi-threaded, use of fork() may lead to deadlocks in the child.
  pid = os.fork()

[2025-10-29T03:07:20.367+0700] {standard_task_runner.py:63} INFO - Started process 344 to run task
[2025-10-29T03:07:20.367+0700] {standard_task_runner.py:90} INFO - Running: ['***', 'tasks', 'run', 'absa_streaming_lifecycle_demo1', 'deploy_consumer', 'manual__2025-10-28T20:07:18.155316+00:00', '--job-id', '6', '--raw', '--subdir', 'DAGS_FOLDER/absa_streaming_lifecycle_dag1.py', '--cfg-path', '/tmp/tmprk7z8lb3']
[2025-10-29T03:07:20.369+0700] {standard_task_runner.py:91} INFO - Job 6: Subtask deploy_consumer
[2025-10-29T03:07:20.399+0700] {task_command.py:426} INFO - Running <TaskInstance: absa_streaming_lifecycle_demo1.deploy_consumer manual__2025-10-28T20:07:18.155316+00:00 [running]> on host dfeadd712fc3
[2025-10-29T03:07:20.448+0700] {taskinstance.py:2644} INFO - Exporting env vars: AIRFLOW_CTX_DAG_OWNER='***' AIRFLOW_CTX_DAG_ID='absa_streaming_lifecycle_demo1' AIRFLOW_CTX_TASK_ID='deploy_consumer' AIRFLOW_CTX_EXECUTION_DATE='2025-10-28T20:07:18.155316+00:00' AIRFLOW_CTX_TRY_NUMBER='1' AIRFLOW_CTX_DAG_RUN_ID='manual__2025-10-28T20:07:18.155316+00:00'
[2025-10-29T03:07:20.450+0700] {taskinstance.py:430} INFO - ::endgroup::
[2025-10-29T03:07:20.450+0700] {subprocess.py:63} INFO - Tmp dir root location: /tmp
[2025-10-29T03:07:20.450+0700] {subprocess.py:75} INFO - Running command: ['/usr/bin/bash', '-c', 'bash -c "timeout 45m /opt/***/projects/absa_streaming/scripts/run_consumer.sh"']
[2025-10-29T03:07:20.460+0700] {subprocess.py:86} INFO - Output:
[2025-10-29T03:07:20.465+0700] {subprocess.py:93} INFO - [Consumer] Starting Spark Structured Streaming job...
[2025-10-29T03:07:20.501+0700] {subprocess.py:93} INFO - /home/***/.local/lib/python3.12/site-packages/pyspark/bin/load-spark-env.sh: line 68: ps: command not found
[2025-10-29T03:07:22.049+0700] {subprocess.py:93} INFO - :: loading settings :: url = jar:file:/home/***/.local/lib/python3.12/site-packages/pyspark/jars/ivy-2.5.1.jar!/org/apache/ivy/core/settings/ivysettings.xml
[2025-10-29T03:07:22.088+0700] {subprocess.py:93} INFO - Ivy Default Cache set to: /home/***/.ivy2/cache
[2025-10-29T03:07:22.088+0700] {subprocess.py:93} INFO - The jars for the packages stored in: /home/***/.ivy2/jars
[2025-10-29T03:07:22.090+0700] {subprocess.py:93} INFO - org.apache.spark#spark-sql-kafka-0-10_2.12 added as a dependency
[2025-10-29T03:07:22.091+0700] {subprocess.py:93} INFO - org.postgresql#postgresql added as a dependency
[2025-10-29T03:07:22.091+0700] {subprocess.py:93} INFO - :: resolving dependencies :: org.apache.spark#spark-submit-parent-6ffb3a08-521d-45a7-a6a1-72f934cec342;1.0
[2025-10-29T03:07:22.091+0700] {subprocess.py:93} INFO - 	confs: [default]
[2025-10-29T03:07:22.563+0700] {subprocess.py:93} INFO - 	found org.apache.spark#spark-sql-kafka-0-10_2.12;3.5.1 in central
[2025-10-29T03:07:22.663+0700] {subprocess.py:93} INFO - 	found org.apache.spark#spark-token-provider-kafka-0-10_2.12;3.5.1 in central
[2025-10-29T03:07:22.836+0700] {subprocess.py:93} INFO - 	found org.apache.kafka#kafka-clients;3.4.1 in central
[2025-10-29T03:07:23.060+0700] {subprocess.py:93} INFO - 	found org.lz4#lz4-java;1.8.0 in central
[2025-10-29T03:07:23.287+0700] {subprocess.py:93} INFO - 	found org.xerial.snappy#snappy-java;1.1.10.3 in central
[2025-10-29T03:07:24.585+0700] {subprocess.py:93} INFO - 	found org.slf4j#slf4j-api;2.0.7 in central
[2025-10-29T03:07:26.581+0700] {subprocess.py:93} INFO - 	found org.apache.hadoop#hadoop-client-runtime;3.3.4 in central
[2025-10-29T03:07:26.763+0700] {subprocess.py:93} INFO - 	found org.apache.hadoop#hadoop-client-api;3.3.4 in central
[2025-10-29T03:07:28.572+0700] {subprocess.py:93} INFO - 	found commons-logging#commons-logging;1.1.3 in central
[2025-10-29T03:07:28.704+0700] {subprocess.py:93} INFO - 	found com.google.code.findbugs#jsr305;3.0.0 in central
[2025-10-29T03:07:30.814+0700] {subprocess.py:93} INFO - 	found org.apache.commons#commons-pool2;2.11.1 in central
[2025-10-29T03:07:30.947+0700] {subprocess.py:93} INFO - 	found org.postgresql#postgresql;42.6.0 in central
[2025-10-29T03:07:31.147+0700] {subprocess.py:93} INFO - 	found org.checkerframework#checker-qual;3.31.0 in central
[2025-10-29T03:07:31.295+0700] {subprocess.py:93} INFO - downloading https://repo1.maven.org/maven2/org/apache/spark/spark-sql-kafka-0-10_2.12/3.5.1/spark-sql-kafka-0-10_2.12-3.5.1.jar ...
[2025-10-29T03:07:31.471+0700] {subprocess.py:93} INFO - 	[SUCCESSFUL ] org.apache.spark#spark-sql-kafka-0-10_2.12;3.5.1!spark-sql-kafka-0-10_2.12.jar (319ms)
[2025-10-29T03:07:31.538+0700] {subprocess.py:93} INFO - downloading https://repo1.maven.org/maven2/org/postgresql/postgresql/42.6.0/postgresql-42.6.0.jar ...
[2025-10-29T03:07:31.663+0700] {subprocess.py:93} INFO - 	[SUCCESSFUL ] org.postgresql#postgresql;42.6.0!postgresql.jar (191ms)
[2025-10-29T03:07:31.730+0700] {subprocess.py:93} INFO - downloading https://repo1.maven.org/maven2/org/apache/spark/spark-token-provider-kafka-0-10_2.12/3.5.1/spark-token-provider-kafka-0-10_2.12-3.5.1.jar ...
[2025-10-29T03:07:31.795+0700] {subprocess.py:93} INFO - 	[SUCCESSFUL ] org.apache.spark#spark-token-provider-kafka-0-10_2.12;3.5.1!spark-token-provider-kafka-0-10_2.12.jar (132ms)
[2025-10-29T03:07:31.856+0700] {subprocess.py:93} INFO - downloading https://repo1.maven.org/maven2/org/apache/kafka/kafka-clients/3.4.1/kafka-clients-3.4.1.jar ...
[2025-10-29T03:07:32.240+0700] {subprocess.py:93} INFO - 	[SUCCESSFUL ] org.apache.kafka#kafka-clients;3.4.1!kafka-clients.jar (444ms)
[2025-10-29T03:07:32.307+0700] {subprocess.py:93} INFO - downloading https://repo1.maven.org/maven2/com/google/code/findbugs/jsr305/3.0.0/jsr305-3.0.0.jar ...
[2025-10-29T03:07:32.367+0700] {subprocess.py:93} INFO - 	[SUCCESSFUL ] com.google.code.findbugs#jsr305;3.0.0!jsr305.jar (127ms)
[2025-10-29T03:07:32.429+0700] {subprocess.py:93} INFO - downloading https://repo1.maven.org/maven2/org/apache/commons/commons-pool2/2.11.1/commons-pool2-2.11.1.jar ...
[2025-10-29T03:07:32.496+0700] {subprocess.py:93} INFO - 	[SUCCESSFUL ] org.apache.commons#commons-pool2;2.11.1!commons-pool2.jar (128ms)
[2025-10-29T03:07:32.554+0700] {subprocess.py:93} INFO - downloading https://repo1.maven.org/maven2/org/apache/hadoop/hadoop-client-runtime/3.3.4/hadoop-client-runtime-3.3.4.jar ...
[2025-10-29T03:07:33.887+0700] {subprocess.py:93} INFO - 	[SUCCESSFUL ] org.apache.hadoop#hadoop-client-runtime;3.3.4!hadoop-client-runtime.jar (1391ms)
[2025-10-29T03:07:33.946+0700] {subprocess.py:93} INFO - downloading https://repo1.maven.org/maven2/org/lz4/lz4-java/1.8.0/lz4-java-1.8.0.jar ...
[2025-10-29T03:07:34.022+0700] {subprocess.py:93} INFO - 	[SUCCESSFUL ] org.lz4#lz4-java;1.8.0!lz4-java.jar (134ms)
[2025-10-29T03:07:34.083+0700] {subprocess.py:93} INFO - downloading https://repo1.maven.org/maven2/org/xerial/snappy/snappy-java/1.1.10.3/snappy-java-1.1.10.3.jar ...
[2025-10-29T03:07:34.248+0700] {subprocess.py:93} INFO - downloading https://repo1.maven.org/maven2/org/slf4j/slf4j-api/2.0.7/slf4j-api-2.0.7.jar ...
[2025-10-29T03:07:34.304+0700] {subprocess.py:93} INFO - 	[SUCCESSFUL ] org.slf4j#slf4j-api;2.0.7!slf4j-api.jar (112ms)
[2025-10-29T03:07:34.360+0700] {subprocess.py:93} INFO - downloading https://repo1.maven.org/maven2/org/apache/hadoop/hadoop-client-api/3.3.4/hadoop-client-api-3.3.4.jar ...
[2025-10-29T03:07:34.975+0700] {subprocess.py:93} INFO - 	[SUCCESSFUL ] org.apache.hadoop#hadoop-client-api;3.3.4!hadoop-client-api.jar (669ms)
[2025-10-29T03:07:35.040+0700] {subprocess.py:93} INFO - downloading https://repo1.maven.org/maven2/commons-logging/commons-logging/1.1.3/commons-logging-1.1.3.jar ...
[2025-10-29T03:07:35.103+0700] {subprocess.py:93} INFO - 	[SUCCESSFUL ] commons-logging#commons-logging;1.1.3!commons-logging.jar (128ms)
[2025-10-29T03:07:35.160+0700] {subprocess.py:93} INFO - downloading https://repo1.maven.org/maven2/org/checkerframework/checker-qual/3.31.0/checker-qual-3.31.0.jar ...
[2025-10-29T03:07:35.223+0700] {subprocess.py:93} INFO - 	[SUCCESSFUL ] org.checkerframework#checker-qual;3.31.0!checker-qual.jar (120ms)
[2025-10-29T03:07:35.223+0700] {subprocess.py:93} INFO - :: resolution report :: resolve 9060ms :: artifacts dl 4072ms
[2025-10-29T03:07:35.224+0700] {subprocess.py:93} INFO - 	:: modules in use:
[2025-10-29T03:07:35.224+0700] {subprocess.py:93} INFO - 	com.google.code.findbugs#jsr305;3.0.0 from central in [default]
[2025-10-29T03:07:35.224+0700] {subprocess.py:93} INFO - 	commons-logging#commons-logging;1.1.3 from central in [default]
[2025-10-29T03:07:35.224+0700] {subprocess.py:93} INFO - 	org.apache.commons#commons-pool2;2.11.1 from central in [default]
[2025-10-29T03:07:35.224+0700] {subprocess.py:93} INFO - 	org.apache.hadoop#hadoop-client-api;3.3.4 from central in [default]
[2025-10-29T03:07:35.224+0700] {subprocess.py:93} INFO - 	org.apache.hadoop#hadoop-client-runtime;3.3.4 from central in [default]
[2025-10-29T03:07:35.224+0700] {subprocess.py:93} INFO - 	org.apache.kafka#kafka-clients;3.4.1 from central in [default]
[2025-10-29T03:07:35.225+0700] {subprocess.py:93} INFO - 	org.apache.spark#spark-sql-kafka-0-10_2.12;3.5.1 from central in [default]
[2025-10-29T03:07:35.225+0700] {subprocess.py:93} INFO - 	org.apache.spark#spark-token-provider-kafka-0-10_2.12;3.5.1 from central in [default]
[2025-10-29T03:07:35.225+0700] {subprocess.py:93} INFO - 	org.checkerframework#checker-qual;3.31.0 from central in [default]
[2025-10-29T03:07:35.225+0700] {subprocess.py:93} INFO - 	org.lz4#lz4-java;1.8.0 from central in [default]
[2025-10-29T03:07:35.225+0700] {subprocess.py:93} INFO - 	org.postgresql#postgresql;42.6.0 from central in [default]
[2025-10-29T03:07:35.225+0700] {subprocess.py:93} INFO - 	org.slf4j#slf4j-api;2.0.7 from central in [default]
[2025-10-29T03:07:35.225+0700] {subprocess.py:93} INFO - 	org.xerial.snappy#snappy-java;1.1.10.3 from central in [default]
[2025-10-29T03:07:35.225+0700] {subprocess.py:93} INFO - 	---------------------------------------------------------------------
[2025-10-29T03:07:35.225+0700] {subprocess.py:93} INFO - 	|                  |            modules            ||   artifacts   |
[2025-10-29T03:07:35.225+0700] {subprocess.py:93} INFO - 	|       conf       | number| search|dwnlded|evicted|| number|dwnlded|
[2025-10-29T03:07:35.226+0700] {subprocess.py:93} INFO - 	---------------------------------------------------------------------
[2025-10-29T03:07:35.226+0700] {subprocess.py:93} INFO - 	|      default     |   13  |   13  |   11  |   0   ||   13  |   12  |
[2025-10-29T03:07:35.226+0700] {subprocess.py:93} INFO - 	---------------------------------------------------------------------
[2025-10-29T03:07:35.227+0700] {subprocess.py:93} INFO - 
[2025-10-29T03:07:35.227+0700] {subprocess.py:93} INFO - :: problems summary ::
[2025-10-29T03:07:35.227+0700] {subprocess.py:93} INFO - :::: WARNINGS
[2025-10-29T03:07:35.227+0700] {subprocess.py:93} INFO - 		[FAILED     ] org.xerial.snappy#snappy-java;1.1.10.3!snappy-java.jar(bundle): Downloaded file size (0) doesn't match expected Content Length (2058806) for https://repo1.maven.org/maven2/org/xerial/snappy/snappy-java/1.1.10.3/snappy-java-1.1.10.3.jar. Please retry. (169ms)
[2025-10-29T03:07:35.228+0700] {subprocess.py:93} INFO - 
[2025-10-29T03:07:35.228+0700] {subprocess.py:93} INFO - 		[FAILED     ] org.xerial.snappy#snappy-java;1.1.10.3!snappy-java.jar(bundle): Downloaded file size (0) doesn't match expected Content Length (2058806) for https://repo1.maven.org/maven2/org/xerial/snappy/snappy-java/1.1.10.3/snappy-java-1.1.10.3.jar. Please retry. (169ms)
[2025-10-29T03:07:35.228+0700] {subprocess.py:93} INFO - 
[2025-10-29T03:07:35.228+0700] {subprocess.py:93} INFO - 	==== central: tried
[2025-10-29T03:07:35.228+0700] {subprocess.py:93} INFO - 
[2025-10-29T03:07:35.228+0700] {subprocess.py:93} INFO - 	  https://repo1.maven.org/maven2/org/xerial/snappy/snappy-java/1.1.10.3/snappy-java-1.1.10.3.jar
[2025-10-29T03:07:35.228+0700] {subprocess.py:93} INFO - 
[2025-10-29T03:07:35.228+0700] {subprocess.py:93} INFO - 		::::::::::::::::::::::::::::::::::::::::::::::
[2025-10-29T03:07:35.229+0700] {subprocess.py:93} INFO - 
[2025-10-29T03:07:35.229+0700] {subprocess.py:93} INFO - 		::              FAILED DOWNLOADS            ::
[2025-10-29T03:07:35.229+0700] {subprocess.py:93} INFO - 
[2025-10-29T03:07:35.229+0700] {subprocess.py:93} INFO - 		:: ^ see resolution messages for details  ^ ::
[2025-10-29T03:07:35.229+0700] {subprocess.py:93} INFO - 
[2025-10-29T03:07:35.229+0700] {subprocess.py:93} INFO - 		::::::::::::::::::::::::::::::::::::::::::::::
[2025-10-29T03:07:35.229+0700] {subprocess.py:93} INFO - 
[2025-10-29T03:07:35.229+0700] {subprocess.py:93} INFO - 		:: org.xerial.snappy#snappy-java;1.1.10.3!snappy-java.jar(bundle)
[2025-10-29T03:07:35.230+0700] {subprocess.py:93} INFO - 
[2025-10-29T03:07:35.230+0700] {subprocess.py:93} INFO - 		::::::::::::::::::::::::::::::::::::::::::::::
[2025-10-29T03:07:35.230+0700] {subprocess.py:93} INFO - 
[2025-10-29T03:07:35.230+0700] {subprocess.py:93} INFO - 
[2025-10-29T03:07:35.230+0700] {subprocess.py:93} INFO - 
[2025-10-29T03:07:35.230+0700] {subprocess.py:93} INFO - :: USE VERBOSE OR DEBUG MESSAGE LEVEL FOR MORE DETAILS
[2025-10-29T03:07:35.231+0700] {subprocess.py:93} INFO - Exception in thread "main" java.lang.RuntimeException: [download failed: org.xerial.snappy#snappy-java;1.1.10.3!snappy-java.jar(bundle)]
[2025-10-29T03:07:35.231+0700] {subprocess.py:93} INFO - 	at org.apache.spark.deploy.SparkSubmitUtils$.resolveMavenCoordinates(SparkSubmit.scala:1608)
[2025-10-29T03:07:35.231+0700] {subprocess.py:93} INFO - 	at org.apache.spark.util.DependencyUtils$.resolveMavenDependencies(DependencyUtils.scala:185)
[2025-10-29T03:07:35.231+0700] {subprocess.py:93} INFO - 	at org.apache.spark.deploy.SparkSubmit.prepareSubmitEnvironment(SparkSubmit.scala:334)
[2025-10-29T03:07:35.231+0700] {subprocess.py:93} INFO - 	at org.apache.spark.deploy.SparkSubmit.org$apache$spark$deploy$SparkSubmit$$runMain(SparkSubmit.scala:964)
[2025-10-29T03:07:35.231+0700] {subprocess.py:93} INFO - 	at org.apache.spark.deploy.SparkSubmit.doRunMain$1(SparkSubmit.scala:194)
[2025-10-29T03:07:35.231+0700] {subprocess.py:93} INFO - 	at org.apache.spark.deploy.SparkSubmit.submit(SparkSubmit.scala:217)
[2025-10-29T03:07:35.231+0700] {subprocess.py:93} INFO - 	at org.apache.spark.deploy.SparkSubmit.doSubmit(SparkSubmit.scala:91)
[2025-10-29T03:07:35.231+0700] {subprocess.py:93} INFO - 	at org.apache.spark.deploy.SparkSubmit$$anon$2.doSubmit(SparkSubmit.scala:1120)
[2025-10-29T03:07:35.232+0700] {subprocess.py:93} INFO - 	at org.apache.spark.deploy.SparkSubmit$.main(SparkSubmit.scala:1129)
[2025-10-29T03:07:35.232+0700] {subprocess.py:93} INFO - 	at org.apache.spark.deploy.SparkSubmit.main(SparkSubmit.scala)
[2025-10-29T03:07:35.245+0700] {subprocess.py:97} INFO - Command exited with return code 1
[2025-10-29T03:07:35.246+0700] {taskinstance.py:441} INFO - ::group::Post task execution logs
[2025-10-29T03:07:35.253+0700] {taskinstance.py:2890} ERROR - Task failed with exception
Traceback (most recent call last):
  File "/home/airflow/.local/lib/python3.12/site-packages/airflow/models/taskinstance.py", line 460, in _execute_task
    result = _execute_callable(context=context, **execute_callable_kwargs)
             ^^^^^^^^^^^^^^^^^^^^^^^^^^^^^^^^^^^^^^^^^^^^^^^^^^^^^^^^^^^^^
  File "/home/airflow/.local/lib/python3.12/site-packages/airflow/models/taskinstance.py", line 432, in _execute_callable
    return execute_callable(context=context, **execute_callable_kwargs)
           ^^^^^^^^^^^^^^^^^^^^^^^^^^^^^^^^^^^^^^^^^^^^^^^^^^^^^^^^^^^^
  File "/home/airflow/.local/lib/python3.12/site-packages/airflow/models/baseoperator.py", line 400, in wrapper
    return func(self, *args, **kwargs)
           ^^^^^^^^^^^^^^^^^^^^^^^^^^^
  File "/home/airflow/.local/lib/python3.12/site-packages/airflow/operators/bash.py", line 243, in execute
    raise AirflowException(
airflow.exceptions.AirflowException: Bash command failed. The command returned a non-zero exit code 1.
[2025-10-29T03:07:35.256+0700] {taskinstance.py:1205} INFO - Marking task as UP_FOR_RETRY. dag_id=absa_streaming_lifecycle_demo1, task_id=deploy_consumer, execution_date=20251028T200718, start_date=20251028T200720, end_date=20251028T200735
[2025-10-29T03:07:35.263+0700] {standard_task_runner.py:110} ERROR - Failed to execute job 6 for task deploy_consumer (Bash command failed. The command returned a non-zero exit code 1.; 344)
[2025-10-29T03:07:35.304+0700] {local_task_job_runner.py:240} INFO - Task exited with return code 1
[2025-10-29T03:07:35.324+0700] {taskinstance.py:3482} INFO - 0 downstream tasks scheduled from follow-on schedule check
[2025-10-29T03:07:35.325+0700] {local_task_job_runner.py:222} INFO - ::endgroup::
