[2025-10-30T22:28:39.309+0700] {processor.py:161} INFO - Started process (PID=182) to work on /opt/airflow/dags/demo_dag1.py
[2025-10-30T22:28:39.310+0700] {processor.py:830} INFO - Processing file /opt/airflow/dags/demo_dag1.py for tasks to queue
[2025-10-30T22:28:39.311+0700] {logging_mixin.py:188} INFO - [2025-10-30T22:28:39.310+0700] {dagbag.py:540} INFO - Filling up the DagBag from /opt/airflow/dags/demo_dag1.py
[2025-10-30T22:28:41.576+0700] {logging_mixin.py:188} INFO - [2025-10-30T22:28:41.574+0700] {dagbag.py:350} ERROR - Failed to import: /opt/airflow/dags/demo_dag1.py
Traceback (most recent call last):
  File "/home/airflow/.local/lib/python3.12/site-packages/airflow/models/dagbag.py", line 346, in parse
    loader.exec_module(new_module)
  File "<frozen importlib._bootstrap_external>", line 995, in exec_module
  File "<frozen importlib._bootstrap>", line 488, in _call_with_frames_removed
  File "/opt/airflow/dags/demo_dag1.py", line 36, in <module>
    task3 = BashOperator(
            ^^^^^^^^^^^^^
  File "/home/airflow/.local/lib/python3.12/site-packages/airflow/models/baseoperator.py", line 467, in apply_defaults
    raise AirflowException(f"missing keyword argument {missing_args.pop()!r}")
airflow.exceptions.AirflowException: missing keyword argument 'bash_command'
[2025-10-30T22:28:41.576+0700] {processor.py:842} WARNING - No viable dags retrieved from /opt/airflow/dags/demo_dag1.py
[2025-10-30T22:28:41.585+0700] {processor.py:183} INFO - Processing /opt/airflow/dags/demo_dag1.py took 2.279 seconds
[2025-10-30T22:29:11.615+0700] {processor.py:161} INFO - Started process (PID=243) to work on /opt/airflow/dags/demo_dag1.py
[2025-10-30T22:29:11.615+0700] {processor.py:830} INFO - Processing file /opt/airflow/dags/demo_dag1.py for tasks to queue
[2025-10-30T22:29:11.616+0700] {logging_mixin.py:188} INFO - [2025-10-30T22:29:11.616+0700] {dagbag.py:540} INFO - Filling up the DagBag from /opt/airflow/dags/demo_dag1.py
[2025-10-30T22:29:12.520+0700] {logging_mixin.py:188} INFO - [2025-10-30T22:29:12.519+0700] {dagbag.py:350} ERROR - Failed to import: /opt/airflow/dags/demo_dag1.py
Traceback (most recent call last):
  File "/home/airflow/.local/lib/python3.12/site-packages/airflow/models/dagbag.py", line 346, in parse
    loader.exec_module(new_module)
  File "<frozen importlib._bootstrap_external>", line 995, in exec_module
  File "<frozen importlib._bootstrap>", line 488, in _call_with_frames_removed
  File "/opt/airflow/dags/demo_dag1.py", line 36, in <module>
    task3 = BashOperator(
            ^^^^^^^^^^^^^
  File "/home/airflow/.local/lib/python3.12/site-packages/airflow/models/baseoperator.py", line 467, in apply_defaults
    raise AirflowException(f"missing keyword argument {missing_args.pop()!r}")
airflow.exceptions.AirflowException: missing keyword argument 'bash_command'
[2025-10-30T22:29:12.521+0700] {processor.py:842} WARNING - No viable dags retrieved from /opt/airflow/dags/demo_dag1.py
[2025-10-30T22:29:12.530+0700] {processor.py:183} INFO - Processing /opt/airflow/dags/demo_dag1.py took 0.918 seconds
[2025-10-30T22:30:41.410+0700] {processor.py:161} INFO - Started process (PID=188) to work on /opt/airflow/dags/demo_dag1.py
[2025-10-30T22:30:41.410+0700] {processor.py:830} INFO - Processing file /opt/airflow/dags/demo_dag1.py for tasks to queue
[2025-10-30T22:30:41.411+0700] {logging_mixin.py:188} INFO - [2025-10-30T22:30:41.411+0700] {dagbag.py:540} INFO - Filling up the DagBag from /opt/airflow/dags/demo_dag1.py
[2025-10-30T22:30:42.860+0700] {logging_mixin.py:188} INFO - [2025-10-30T22:30:42.860+0700] {dagbag.py:350} ERROR - Failed to import: /opt/airflow/dags/demo_dag1.py
Traceback (most recent call last):
  File "/home/airflow/.local/lib/python3.12/site-packages/airflow/models/dagbag.py", line 346, in parse
    loader.exec_module(new_module)
  File "<frozen importlib._bootstrap_external>", line 995, in exec_module
  File "<frozen importlib._bootstrap>", line 488, in _call_with_frames_removed
  File "/opt/airflow/dags/demo_dag1.py", line 36, in <module>
    task3 = BashOperator(
            ^^^^^^^^^^^^^
  File "/home/airflow/.local/lib/python3.12/site-packages/airflow/models/baseoperator.py", line 467, in apply_defaults
    raise AirflowException(f"missing keyword argument {missing_args.pop()!r}")
airflow.exceptions.AirflowException: missing keyword argument 'bash_command'
[2025-10-30T22:30:42.861+0700] {processor.py:842} WARNING - No viable dags retrieved from /opt/airflow/dags/demo_dag1.py
[2025-10-30T22:30:42.886+0700] {processor.py:183} INFO - Processing /opt/airflow/dags/demo_dag1.py took 1.479 seconds
[2025-10-30T22:31:13.286+0700] {processor.py:161} INFO - Started process (PID=255) to work on /opt/airflow/dags/demo_dag1.py
[2025-10-30T22:31:13.286+0700] {processor.py:830} INFO - Processing file /opt/airflow/dags/demo_dag1.py for tasks to queue
[2025-10-30T22:31:13.287+0700] {logging_mixin.py:188} INFO - [2025-10-30T22:31:13.287+0700] {dagbag.py:540} INFO - Filling up the DagBag from /opt/airflow/dags/demo_dag1.py
[2025-10-30T22:31:14.208+0700] {logging_mixin.py:188} INFO - [2025-10-30T22:31:14.207+0700] {dagbag.py:350} ERROR - Failed to import: /opt/airflow/dags/demo_dag1.py
Traceback (most recent call last):
  File "/home/airflow/.local/lib/python3.12/site-packages/airflow/models/dagbag.py", line 346, in parse
    loader.exec_module(new_module)
  File "<frozen importlib._bootstrap_external>", line 995, in exec_module
  File "<frozen importlib._bootstrap>", line 488, in _call_with_frames_removed
  File "/opt/airflow/dags/demo_dag1.py", line 36, in <module>
    task3 = BashOperator(
            ^^^^^^^^^^^^^
  File "/home/airflow/.local/lib/python3.12/site-packages/airflow/models/baseoperator.py", line 467, in apply_defaults
    raise AirflowException(f"missing keyword argument {missing_args.pop()!r}")
airflow.exceptions.AirflowException: missing keyword argument 'bash_command'
[2025-10-30T22:31:14.209+0700] {processor.py:842} WARNING - No viable dags retrieved from /opt/airflow/dags/demo_dag1.py
[2025-10-30T22:31:14.218+0700] {processor.py:183} INFO - Processing /opt/airflow/dags/demo_dag1.py took 0.935 seconds
[2025-10-30T22:31:45.222+0700] {processor.py:161} INFO - Started process (PID=317) to work on /opt/airflow/dags/demo_dag1.py
[2025-10-30T22:31:45.223+0700] {processor.py:830} INFO - Processing file /opt/airflow/dags/demo_dag1.py for tasks to queue
[2025-10-30T22:31:45.224+0700] {logging_mixin.py:188} INFO - [2025-10-30T22:31:45.224+0700] {dagbag.py:540} INFO - Filling up the DagBag from /opt/airflow/dags/demo_dag1.py
[2025-10-30T22:31:46.371+0700] {logging_mixin.py:188} INFO - [2025-10-30T22:31:46.370+0700] {dagbag.py:350} ERROR - Failed to import: /opt/airflow/dags/demo_dag1.py
Traceback (most recent call last):
  File "/home/airflow/.local/lib/python3.12/site-packages/airflow/models/dagbag.py", line 346, in parse
    loader.exec_module(new_module)
  File "<frozen importlib._bootstrap_external>", line 995, in exec_module
  File "<frozen importlib._bootstrap>", line 488, in _call_with_frames_removed
  File "/opt/airflow/dags/demo_dag1.py", line 36, in <module>
    task3 = BashOperator(
            ^^^^^^^^^^^^^
  File "/home/airflow/.local/lib/python3.12/site-packages/airflow/models/baseoperator.py", line 467, in apply_defaults
    raise AirflowException(f"missing keyword argument {missing_args.pop()!r}")
airflow.exceptions.AirflowException: missing keyword argument 'bash_command'
[2025-10-30T22:31:46.372+0700] {processor.py:842} WARNING - No viable dags retrieved from /opt/airflow/dags/demo_dag1.py
[2025-10-30T22:31:46.381+0700] {processor.py:183} INFO - Processing /opt/airflow/dags/demo_dag1.py took 1.163 seconds
[2025-10-30T22:32:16.608+0700] {processor.py:161} INFO - Started process (PID=381) to work on /opt/airflow/dags/demo_dag1.py
[2025-10-30T22:32:16.608+0700] {processor.py:830} INFO - Processing file /opt/airflow/dags/demo_dag1.py for tasks to queue
[2025-10-30T22:32:16.610+0700] {logging_mixin.py:188} INFO - [2025-10-30T22:32:16.610+0700] {dagbag.py:540} INFO - Filling up the DagBag from /opt/airflow/dags/demo_dag1.py
[2025-10-30T22:32:17.686+0700] {logging_mixin.py:188} INFO - [2025-10-30T22:32:17.685+0700] {dagbag.py:350} ERROR - Failed to import: /opt/airflow/dags/demo_dag1.py
Traceback (most recent call last):
  File "/home/airflow/.local/lib/python3.12/site-packages/airflow/models/dagbag.py", line 346, in parse
    loader.exec_module(new_module)
  File "<frozen importlib._bootstrap_external>", line 995, in exec_module
  File "<frozen importlib._bootstrap>", line 488, in _call_with_frames_removed
  File "/opt/airflow/dags/demo_dag1.py", line 36, in <module>
    task3 = BashOperator(
            ^^^^^^^^^^^^^
  File "/home/airflow/.local/lib/python3.12/site-packages/airflow/models/baseoperator.py", line 467, in apply_defaults
    raise AirflowException(f"missing keyword argument {missing_args.pop()!r}")
airflow.exceptions.AirflowException: missing keyword argument 'bash_command'
[2025-10-30T22:32:17.686+0700] {processor.py:842} WARNING - No viable dags retrieved from /opt/airflow/dags/demo_dag1.py
[2025-10-30T22:32:17.695+0700] {processor.py:183} INFO - Processing /opt/airflow/dags/demo_dag1.py took 1.091 seconds
[2025-10-30T22:32:48.032+0700] {processor.py:161} INFO - Started process (PID=442) to work on /opt/airflow/dags/demo_dag1.py
[2025-10-30T22:32:48.032+0700] {processor.py:830} INFO - Processing file /opt/airflow/dags/demo_dag1.py for tasks to queue
[2025-10-30T22:32:48.033+0700] {logging_mixin.py:188} INFO - [2025-10-30T22:32:48.033+0700] {dagbag.py:540} INFO - Filling up the DagBag from /opt/airflow/dags/demo_dag1.py
[2025-10-30T22:32:49.080+0700] {logging_mixin.py:188} INFO - [2025-10-30T22:32:49.079+0700] {dagbag.py:350} ERROR - Failed to import: /opt/airflow/dags/demo_dag1.py
Traceback (most recent call last):
  File "/home/airflow/.local/lib/python3.12/site-packages/airflow/models/dagbag.py", line 346, in parse
    loader.exec_module(new_module)
  File "<frozen importlib._bootstrap_external>", line 995, in exec_module
  File "<frozen importlib._bootstrap>", line 488, in _call_with_frames_removed
  File "/opt/airflow/dags/demo_dag1.py", line 36, in <module>
    task3 = BashOperator(
            ^^^^^^^^^^^^^
  File "/home/airflow/.local/lib/python3.12/site-packages/airflow/models/baseoperator.py", line 467, in apply_defaults
    raise AirflowException(f"missing keyword argument {missing_args.pop()!r}")
airflow.exceptions.AirflowException: missing keyword argument 'bash_command'
[2025-10-30T22:32:49.081+0700] {processor.py:842} WARNING - No viable dags retrieved from /opt/airflow/dags/demo_dag1.py
[2025-10-30T22:32:49.089+0700] {processor.py:183} INFO - Processing /opt/airflow/dags/demo_dag1.py took 1.062 seconds
[2025-10-30T22:33:19.218+0700] {processor.py:161} INFO - Started process (PID=503) to work on /opt/airflow/dags/demo_dag1.py
[2025-10-30T22:33:19.219+0700] {processor.py:830} INFO - Processing file /opt/airflow/dags/demo_dag1.py for tasks to queue
[2025-10-30T22:33:19.220+0700] {logging_mixin.py:188} INFO - [2025-10-30T22:33:19.220+0700] {dagbag.py:540} INFO - Filling up the DagBag from /opt/airflow/dags/demo_dag1.py
[2025-10-30T22:33:20.369+0700] {logging_mixin.py:188} INFO - [2025-10-30T22:33:20.367+0700] {dagbag.py:350} ERROR - Failed to import: /opt/airflow/dags/demo_dag1.py
Traceback (most recent call last):
  File "/home/airflow/.local/lib/python3.12/site-packages/airflow/models/dagbag.py", line 346, in parse
    loader.exec_module(new_module)
  File "<frozen importlib._bootstrap_external>", line 995, in exec_module
  File "<frozen importlib._bootstrap>", line 488, in _call_with_frames_removed
  File "/opt/airflow/dags/demo_dag1.py", line 36, in <module>
    task3 = BashOperator(
            ^^^^^^^^^^^^^
  File "/home/airflow/.local/lib/python3.12/site-packages/airflow/models/baseoperator.py", line 467, in apply_defaults
    raise AirflowException(f"missing keyword argument {missing_args.pop()!r}")
airflow.exceptions.AirflowException: missing keyword argument 'bash_command'
[2025-10-30T22:33:20.369+0700] {processor.py:842} WARNING - No viable dags retrieved from /opt/airflow/dags/demo_dag1.py
[2025-10-30T22:33:20.380+0700] {processor.py:183} INFO - Processing /opt/airflow/dags/demo_dag1.py took 1.165 seconds
[2025-10-30T22:33:51.342+0700] {processor.py:161} INFO - Started process (PID=586) to work on /opt/airflow/dags/demo_dag1.py
[2025-10-30T22:33:51.342+0700] {processor.py:830} INFO - Processing file /opt/airflow/dags/demo_dag1.py for tasks to queue
[2025-10-30T22:33:51.343+0700] {logging_mixin.py:188} INFO - [2025-10-30T22:33:51.343+0700] {dagbag.py:540} INFO - Filling up the DagBag from /opt/airflow/dags/demo_dag1.py
[2025-10-30T22:33:52.625+0700] {logging_mixin.py:188} INFO - [2025-10-30T22:33:52.624+0700] {dagbag.py:350} ERROR - Failed to import: /opt/airflow/dags/demo_dag1.py
Traceback (most recent call last):
  File "/home/airflow/.local/lib/python3.12/site-packages/airflow/models/dagbag.py", line 346, in parse
    loader.exec_module(new_module)
  File "<frozen importlib._bootstrap_external>", line 995, in exec_module
  File "<frozen importlib._bootstrap>", line 488, in _call_with_frames_removed
  File "/opt/airflow/dags/demo_dag1.py", line 36, in <module>
    task3 = BashOperator(
            ^^^^^^^^^^^^^
  File "/home/airflow/.local/lib/python3.12/site-packages/airflow/models/baseoperator.py", line 467, in apply_defaults
    raise AirflowException(f"missing keyword argument {missing_args.pop()!r}")
airflow.exceptions.AirflowException: missing keyword argument 'bash_command'
[2025-10-30T22:33:52.626+0700] {processor.py:842} WARNING - No viable dags retrieved from /opt/airflow/dags/demo_dag1.py
[2025-10-30T22:33:52.637+0700] {processor.py:183} INFO - Processing /opt/airflow/dags/demo_dag1.py took 1.299 seconds
[2025-10-30T22:34:23.048+0700] {processor.py:161} INFO - Started process (PID=646) to work on /opt/airflow/dags/demo_dag1.py
[2025-10-30T22:34:23.048+0700] {processor.py:830} INFO - Processing file /opt/airflow/dags/demo_dag1.py for tasks to queue
[2025-10-30T22:34:23.050+0700] {logging_mixin.py:188} INFO - [2025-10-30T22:34:23.049+0700] {dagbag.py:540} INFO - Filling up the DagBag from /opt/airflow/dags/demo_dag1.py
[2025-10-30T22:34:24.399+0700] {logging_mixin.py:188} INFO - [2025-10-30T22:34:24.398+0700] {dagbag.py:350} ERROR - Failed to import: /opt/airflow/dags/demo_dag1.py
Traceback (most recent call last):
  File "/home/airflow/.local/lib/python3.12/site-packages/airflow/models/dagbag.py", line 346, in parse
    loader.exec_module(new_module)
  File "<frozen importlib._bootstrap_external>", line 995, in exec_module
  File "<frozen importlib._bootstrap>", line 488, in _call_with_frames_removed
  File "/opt/airflow/dags/demo_dag1.py", line 36, in <module>
    task3 = BashOperator(
            ^^^^^^^^^^^^^
  File "/home/airflow/.local/lib/python3.12/site-packages/airflow/models/baseoperator.py", line 467, in apply_defaults
    raise AirflowException(f"missing keyword argument {missing_args.pop()!r}")
airflow.exceptions.AirflowException: missing keyword argument 'bash_command'
[2025-10-30T22:34:24.400+0700] {processor.py:842} WARNING - No viable dags retrieved from /opt/airflow/dags/demo_dag1.py
[2025-10-30T22:34:24.412+0700] {processor.py:183} INFO - Processing /opt/airflow/dags/demo_dag1.py took 1.367 seconds
[2025-10-30T22:34:54.844+0700] {processor.py:161} INFO - Started process (PID=707) to work on /opt/airflow/dags/demo_dag1.py
[2025-10-30T22:34:54.844+0700] {processor.py:830} INFO - Processing file /opt/airflow/dags/demo_dag1.py for tasks to queue
[2025-10-30T22:34:54.846+0700] {logging_mixin.py:188} INFO - [2025-10-30T22:34:54.846+0700] {dagbag.py:540} INFO - Filling up the DagBag from /opt/airflow/dags/demo_dag1.py
[2025-10-30T22:34:56.291+0700] {logging_mixin.py:188} INFO - [2025-10-30T22:34:56.290+0700] {dagbag.py:350} ERROR - Failed to import: /opt/airflow/dags/demo_dag1.py
Traceback (most recent call last):
  File "/home/airflow/.local/lib/python3.12/site-packages/airflow/models/dagbag.py", line 346, in parse
    loader.exec_module(new_module)
  File "<frozen importlib._bootstrap_external>", line 995, in exec_module
  File "<frozen importlib._bootstrap>", line 488, in _call_with_frames_removed
  File "/opt/airflow/dags/demo_dag1.py", line 36, in <module>
    task3 = BashOperator(
            ^^^^^^^^^^^^^
  File "/home/airflow/.local/lib/python3.12/site-packages/airflow/models/baseoperator.py", line 467, in apply_defaults
    raise AirflowException(f"missing keyword argument {missing_args.pop()!r}")
airflow.exceptions.AirflowException: missing keyword argument 'bash_command'
[2025-10-30T22:34:56.291+0700] {processor.py:842} WARNING - No viable dags retrieved from /opt/airflow/dags/demo_dag1.py
[2025-10-30T22:34:56.300+0700] {processor.py:183} INFO - Processing /opt/airflow/dags/demo_dag1.py took 1.461 seconds
[2025-10-30T22:35:26.978+0700] {processor.py:161} INFO - Started process (PID=768) to work on /opt/airflow/dags/demo_dag1.py
[2025-10-30T22:35:26.979+0700] {processor.py:830} INFO - Processing file /opt/airflow/dags/demo_dag1.py for tasks to queue
[2025-10-30T22:35:26.982+0700] {logging_mixin.py:188} INFO - [2025-10-30T22:35:26.982+0700] {dagbag.py:540} INFO - Filling up the DagBag from /opt/airflow/dags/demo_dag1.py
[2025-10-30T22:35:28.518+0700] {logging_mixin.py:188} INFO - [2025-10-30T22:35:28.518+0700] {dagbag.py:350} ERROR - Failed to import: /opt/airflow/dags/demo_dag1.py
Traceback (most recent call last):
  File "/home/airflow/.local/lib/python3.12/site-packages/airflow/models/dagbag.py", line 346, in parse
    loader.exec_module(new_module)
  File "<frozen importlib._bootstrap_external>", line 995, in exec_module
  File "<frozen importlib._bootstrap>", line 488, in _call_with_frames_removed
  File "/opt/airflow/dags/demo_dag1.py", line 36, in <module>
    task3 = BashOperator(
            ^^^^^^^^^^^^^
  File "/home/airflow/.local/lib/python3.12/site-packages/airflow/models/baseoperator.py", line 467, in apply_defaults
    raise AirflowException(f"missing keyword argument {missing_args.pop()!r}")
airflow.exceptions.AirflowException: missing keyword argument 'bash_command'
[2025-10-30T22:35:28.519+0700] {processor.py:842} WARNING - No viable dags retrieved from /opt/airflow/dags/demo_dag1.py
[2025-10-30T22:35:28.551+0700] {processor.py:183} INFO - Processing /opt/airflow/dags/demo_dag1.py took 1.577 seconds
[2025-10-30T22:35:58.812+0700] {processor.py:161} INFO - Started process (PID=833) to work on /opt/airflow/dags/demo_dag1.py
[2025-10-30T22:35:58.812+0700] {processor.py:830} INFO - Processing file /opt/airflow/dags/demo_dag1.py for tasks to queue
[2025-10-30T22:35:58.814+0700] {logging_mixin.py:188} INFO - [2025-10-30T22:35:58.814+0700] {dagbag.py:540} INFO - Filling up the DagBag from /opt/airflow/dags/demo_dag1.py
[2025-10-30T22:36:00.176+0700] {logging_mixin.py:188} INFO - [2025-10-30T22:36:00.175+0700] {dagbag.py:350} ERROR - Failed to import: /opt/airflow/dags/demo_dag1.py
Traceback (most recent call last):
  File "/home/airflow/.local/lib/python3.12/site-packages/airflow/models/dagbag.py", line 346, in parse
    loader.exec_module(new_module)
  File "<frozen importlib._bootstrap_external>", line 995, in exec_module
  File "<frozen importlib._bootstrap>", line 488, in _call_with_frames_removed
  File "/opt/airflow/dags/demo_dag1.py", line 36, in <module>
    task3 = BashOperator(
            ^^^^^^^^^^^^^
  File "/home/airflow/.local/lib/python3.12/site-packages/airflow/models/baseoperator.py", line 467, in apply_defaults
    raise AirflowException(f"missing keyword argument {missing_args.pop()!r}")
airflow.exceptions.AirflowException: missing keyword argument 'bash_command'
[2025-10-30T22:36:00.177+0700] {processor.py:842} WARNING - No viable dags retrieved from /opt/airflow/dags/demo_dag1.py
[2025-10-30T22:36:00.188+0700] {processor.py:183} INFO - Processing /opt/airflow/dags/demo_dag1.py took 1.380 seconds
[2025-10-30T22:36:31.097+0700] {processor.py:161} INFO - Started process (PID=894) to work on /opt/airflow/dags/demo_dag1.py
[2025-10-30T22:36:31.098+0700] {processor.py:830} INFO - Processing file /opt/airflow/dags/demo_dag1.py for tasks to queue
[2025-10-30T22:36:31.100+0700] {logging_mixin.py:188} INFO - [2025-10-30T22:36:31.099+0700] {dagbag.py:540} INFO - Filling up the DagBag from /opt/airflow/dags/demo_dag1.py
[2025-10-30T22:36:32.526+0700] {logging_mixin.py:188} INFO - [2025-10-30T22:36:32.526+0700] {dagbag.py:350} ERROR - Failed to import: /opt/airflow/dags/demo_dag1.py
Traceback (most recent call last):
  File "/home/airflow/.local/lib/python3.12/site-packages/airflow/models/dagbag.py", line 346, in parse
    loader.exec_module(new_module)
  File "<frozen importlib._bootstrap_external>", line 995, in exec_module
  File "<frozen importlib._bootstrap>", line 488, in _call_with_frames_removed
  File "/opt/airflow/dags/demo_dag1.py", line 36, in <module>
    task3 = BashOperator(
            ^^^^^^^^^^^^^
  File "/home/airflow/.local/lib/python3.12/site-packages/airflow/models/baseoperator.py", line 467, in apply_defaults
    raise AirflowException(f"missing keyword argument {missing_args.pop()!r}")
airflow.exceptions.AirflowException: missing keyword argument 'bash_command'
[2025-10-30T22:36:32.527+0700] {processor.py:842} WARNING - No viable dags retrieved from /opt/airflow/dags/demo_dag1.py
[2025-10-30T22:36:32.542+0700] {processor.py:183} INFO - Processing /opt/airflow/dags/demo_dag1.py took 1.450 seconds
[2025-10-30T22:37:03.320+0700] {processor.py:161} INFO - Started process (PID=955) to work on /opt/airflow/dags/demo_dag1.py
[2025-10-30T22:37:03.320+0700] {processor.py:830} INFO - Processing file /opt/airflow/dags/demo_dag1.py for tasks to queue
[2025-10-30T22:37:03.321+0700] {logging_mixin.py:188} INFO - [2025-10-30T22:37:03.321+0700] {dagbag.py:540} INFO - Filling up the DagBag from /opt/airflow/dags/demo_dag1.py
[2025-10-30T22:37:04.495+0700] {logging_mixin.py:188} INFO - [2025-10-30T22:37:04.494+0700] {dagbag.py:350} ERROR - Failed to import: /opt/airflow/dags/demo_dag1.py
Traceback (most recent call last):
  File "/home/airflow/.local/lib/python3.12/site-packages/airflow/models/dagbag.py", line 346, in parse
    loader.exec_module(new_module)
  File "<frozen importlib._bootstrap_external>", line 995, in exec_module
  File "<frozen importlib._bootstrap>", line 488, in _call_with_frames_removed
  File "/opt/airflow/dags/demo_dag1.py", line 36, in <module>
    task3 = BashOperator(
            ^^^^^^^^^^^^^
  File "/home/airflow/.local/lib/python3.12/site-packages/airflow/models/baseoperator.py", line 467, in apply_defaults
    raise AirflowException(f"missing keyword argument {missing_args.pop()!r}")
airflow.exceptions.AirflowException: missing keyword argument 'bash_command'
[2025-10-30T22:37:04.495+0700] {processor.py:842} WARNING - No viable dags retrieved from /opt/airflow/dags/demo_dag1.py
[2025-10-30T22:37:05.093+0700] {processor.py:183} INFO - Processing /opt/airflow/dags/demo_dag1.py took 1.776 seconds
[2025-10-30T22:37:36.083+0700] {processor.py:161} INFO - Started process (PID=1016) to work on /opt/airflow/dags/demo_dag1.py
[2025-10-30T22:37:36.084+0700] {processor.py:830} INFO - Processing file /opt/airflow/dags/demo_dag1.py for tasks to queue
[2025-10-30T22:37:36.085+0700] {logging_mixin.py:188} INFO - [2025-10-30T22:37:36.085+0700] {dagbag.py:540} INFO - Filling up the DagBag from /opt/airflow/dags/demo_dag1.py
[2025-10-30T22:37:37.310+0700] {logging_mixin.py:188} INFO - [2025-10-30T22:37:37.309+0700] {dagbag.py:350} ERROR - Failed to import: /opt/airflow/dags/demo_dag1.py
Traceback (most recent call last):
  File "/home/airflow/.local/lib/python3.12/site-packages/airflow/models/dagbag.py", line 346, in parse
    loader.exec_module(new_module)
  File "<frozen importlib._bootstrap_external>", line 995, in exec_module
  File "<frozen importlib._bootstrap>", line 488, in _call_with_frames_removed
  File "/opt/airflow/dags/demo_dag1.py", line 36, in <module>
    task3 = BashOperator(
            ^^^^^^^^^^^^^
  File "/home/airflow/.local/lib/python3.12/site-packages/airflow/models/baseoperator.py", line 467, in apply_defaults
    raise AirflowException(f"missing keyword argument {missing_args.pop()!r}")
airflow.exceptions.AirflowException: missing keyword argument 'bash_command'
[2025-10-30T22:37:37.311+0700] {processor.py:842} WARNING - No viable dags retrieved from /opt/airflow/dags/demo_dag1.py
[2025-10-30T22:37:37.322+0700] {processor.py:183} INFO - Processing /opt/airflow/dags/demo_dag1.py took 1.243 seconds
[2025-10-30T22:38:07.482+0700] {processor.py:161} INFO - Started process (PID=1077) to work on /opt/airflow/dags/demo_dag1.py
[2025-10-30T22:38:07.483+0700] {processor.py:830} INFO - Processing file /opt/airflow/dags/demo_dag1.py for tasks to queue
[2025-10-30T22:38:07.484+0700] {logging_mixin.py:188} INFO - [2025-10-30T22:38:07.484+0700] {dagbag.py:540} INFO - Filling up the DagBag from /opt/airflow/dags/demo_dag1.py
[2025-10-30T22:38:08.860+0700] {logging_mixin.py:188} INFO - [2025-10-30T22:38:08.858+0700] {dagbag.py:350} ERROR - Failed to import: /opt/airflow/dags/demo_dag1.py
Traceback (most recent call last):
  File "/home/airflow/.local/lib/python3.12/site-packages/airflow/models/dagbag.py", line 346, in parse
    loader.exec_module(new_module)
  File "<frozen importlib._bootstrap_external>", line 995, in exec_module
  File "<frozen importlib._bootstrap>", line 488, in _call_with_frames_removed
  File "/opt/airflow/dags/demo_dag1.py", line 36, in <module>
    task3 = BashOperator(
            ^^^^^^^^^^^^^
  File "/home/airflow/.local/lib/python3.12/site-packages/airflow/models/baseoperator.py", line 467, in apply_defaults
    raise AirflowException(f"missing keyword argument {missing_args.pop()!r}")
airflow.exceptions.AirflowException: missing keyword argument 'bash_command'
[2025-10-30T22:38:08.860+0700] {processor.py:842} WARNING - No viable dags retrieved from /opt/airflow/dags/demo_dag1.py
[2025-10-30T22:38:08.871+0700] {processor.py:183} INFO - Processing /opt/airflow/dags/demo_dag1.py took 1.393 seconds
[2025-10-30T22:38:39.241+0700] {processor.py:161} INFO - Started process (PID=1138) to work on /opt/airflow/dags/demo_dag1.py
[2025-10-30T22:38:39.241+0700] {processor.py:830} INFO - Processing file /opt/airflow/dags/demo_dag1.py for tasks to queue
[2025-10-30T22:38:39.243+0700] {logging_mixin.py:188} INFO - [2025-10-30T22:38:39.242+0700] {dagbag.py:540} INFO - Filling up the DagBag from /opt/airflow/dags/demo_dag1.py
[2025-10-30T22:38:40.466+0700] {logging_mixin.py:188} INFO - [2025-10-30T22:38:40.465+0700] {dagbag.py:350} ERROR - Failed to import: /opt/airflow/dags/demo_dag1.py
Traceback (most recent call last):
  File "/home/airflow/.local/lib/python3.12/site-packages/airflow/models/dagbag.py", line 346, in parse
    loader.exec_module(new_module)
  File "<frozen importlib._bootstrap_external>", line 995, in exec_module
  File "<frozen importlib._bootstrap>", line 488, in _call_with_frames_removed
  File "/opt/airflow/dags/demo_dag1.py", line 36, in <module>
    task3 = BashOperator(
            ^^^^^^^^^^^^^
  File "/home/airflow/.local/lib/python3.12/site-packages/airflow/models/baseoperator.py", line 467, in apply_defaults
    raise AirflowException(f"missing keyword argument {missing_args.pop()!r}")
airflow.exceptions.AirflowException: missing keyword argument 'bash_command'
[2025-10-30T22:38:40.467+0700] {processor.py:842} WARNING - No viable dags retrieved from /opt/airflow/dags/demo_dag1.py
[2025-10-30T22:38:40.477+0700] {processor.py:183} INFO - Processing /opt/airflow/dags/demo_dag1.py took 1.241 seconds
[2025-10-30T22:39:10.637+0700] {processor.py:161} INFO - Started process (PID=1200) to work on /opt/airflow/dags/demo_dag1.py
[2025-10-30T22:39:10.639+0700] {processor.py:830} INFO - Processing file /opt/airflow/dags/demo_dag1.py for tasks to queue
[2025-10-30T22:39:10.640+0700] {logging_mixin.py:188} INFO - [2025-10-30T22:39:10.640+0700] {dagbag.py:540} INFO - Filling up the DagBag from /opt/airflow/dags/demo_dag1.py
[2025-10-30T22:39:19.739+0700] {logging_mixin.py:188} INFO - [2025-10-30T22:39:19.725+0700] {dagbag.py:350} ERROR - Failed to import: /opt/airflow/dags/demo_dag1.py
Traceback (most recent call last):
  File "/home/airflow/.local/lib/python3.12/site-packages/airflow/models/dagbag.py", line 346, in parse
    loader.exec_module(new_module)
  File "<frozen importlib._bootstrap_external>", line 995, in exec_module
  File "<frozen importlib._bootstrap>", line 488, in _call_with_frames_removed
  File "/opt/airflow/dags/demo_dag1.py", line 36, in <module>
    task3 = BashOperator(
            ^^^^^^^^^^^^^
  File "/home/airflow/.local/lib/python3.12/site-packages/airflow/models/baseoperator.py", line 467, in apply_defaults
    raise AirflowException(f"missing keyword argument {missing_args.pop()!r}")
airflow.exceptions.AirflowException: missing keyword argument 'bash_command'
[2025-10-30T22:39:19.745+0700] {processor.py:842} WARNING - No viable dags retrieved from /opt/airflow/dags/demo_dag1.py
[2025-10-30T22:39:19.760+0700] {processor.py:183} INFO - Processing /opt/airflow/dags/demo_dag1.py took 9.126 seconds
[2025-10-30T22:39:50.642+0700] {processor.py:161} INFO - Started process (PID=1267) to work on /opt/airflow/dags/demo_dag1.py
[2025-10-30T22:39:50.643+0700] {processor.py:830} INFO - Processing file /opt/airflow/dags/demo_dag1.py for tasks to queue
[2025-10-30T22:39:50.644+0700] {logging_mixin.py:188} INFO - [2025-10-30T22:39:50.644+0700] {dagbag.py:540} INFO - Filling up the DagBag from /opt/airflow/dags/demo_dag1.py
[2025-10-30T22:40:08.527+0700] {logging_mixin.py:188} INFO - [2025-10-30T22:40:08.523+0700] {dagbag.py:350} ERROR - Failed to import: /opt/airflow/dags/demo_dag1.py
Traceback (most recent call last):
  File "/home/airflow/.local/lib/python3.12/site-packages/airflow/models/dagbag.py", line 346, in parse
    loader.exec_module(new_module)
  File "<frozen importlib._bootstrap_external>", line 995, in exec_module
  File "<frozen importlib._bootstrap>", line 488, in _call_with_frames_removed
  File "/opt/airflow/dags/demo_dag1.py", line 36, in <module>
    task3 = BashOperator(
            ^^^^^^^^^^^^^
  File "/home/airflow/.local/lib/python3.12/site-packages/airflow/models/baseoperator.py", line 467, in apply_defaults
    raise AirflowException(f"missing keyword argument {missing_args.pop()!r}")
airflow.exceptions.AirflowException: missing keyword argument 'bash_command'
[2025-10-30T22:40:08.527+0700] {processor.py:842} WARNING - No viable dags retrieved from /opt/airflow/dags/demo_dag1.py
[2025-10-30T22:40:08.543+0700] {processor.py:183} INFO - Processing /opt/airflow/dags/demo_dag1.py took 17.906 seconds
[2025-10-30T22:40:39.099+0700] {processor.py:161} INFO - Started process (PID=1328) to work on /opt/airflow/dags/demo_dag1.py
[2025-10-30T22:40:39.100+0700] {processor.py:830} INFO - Processing file /opt/airflow/dags/demo_dag1.py for tasks to queue
[2025-10-30T22:40:39.114+0700] {logging_mixin.py:188} INFO - [2025-10-30T22:40:39.114+0700] {dagbag.py:540} INFO - Filling up the DagBag from /opt/airflow/dags/demo_dag1.py
[2025-10-30T22:40:40.416+0700] {logging_mixin.py:188} INFO - [2025-10-30T22:40:40.414+0700] {dagbag.py:350} ERROR - Failed to import: /opt/airflow/dags/demo_dag1.py
Traceback (most recent call last):
  File "/home/airflow/.local/lib/python3.12/site-packages/airflow/models/dagbag.py", line 346, in parse
    loader.exec_module(new_module)
  File "<frozen importlib._bootstrap_external>", line 995, in exec_module
  File "<frozen importlib._bootstrap>", line 488, in _call_with_frames_removed
  File "/opt/airflow/dags/demo_dag1.py", line 36, in <module>
    task3 = BashOperator(
            ^^^^^^^^^^^^^
  File "/home/airflow/.local/lib/python3.12/site-packages/airflow/models/baseoperator.py", line 467, in apply_defaults
    raise AirflowException(f"missing keyword argument {missing_args.pop()!r}")
airflow.exceptions.AirflowException: missing keyword argument 'bash_command'
[2025-10-30T22:40:40.417+0700] {processor.py:842} WARNING - No viable dags retrieved from /opt/airflow/dags/demo_dag1.py
[2025-10-30T22:40:40.449+0700] {processor.py:183} INFO - Processing /opt/airflow/dags/demo_dag1.py took 1.376 seconds
[2025-10-30T22:41:11.202+0700] {processor.py:161} INFO - Started process (PID=1390) to work on /opt/airflow/dags/demo_dag1.py
[2025-10-30T22:41:11.203+0700] {processor.py:830} INFO - Processing file /opt/airflow/dags/demo_dag1.py for tasks to queue
[2025-10-30T22:41:11.205+0700] {logging_mixin.py:188} INFO - [2025-10-30T22:41:11.205+0700] {dagbag.py:540} INFO - Filling up the DagBag from /opt/airflow/dags/demo_dag1.py
[2025-10-30T22:41:12.553+0700] {logging_mixin.py:188} INFO - [2025-10-30T22:41:12.552+0700] {dagbag.py:350} ERROR - Failed to import: /opt/airflow/dags/demo_dag1.py
Traceback (most recent call last):
  File "/home/airflow/.local/lib/python3.12/site-packages/airflow/models/dagbag.py", line 346, in parse
    loader.exec_module(new_module)
  File "<frozen importlib._bootstrap_external>", line 995, in exec_module
  File "<frozen importlib._bootstrap>", line 488, in _call_with_frames_removed
  File "/opt/airflow/dags/demo_dag1.py", line 36, in <module>
    task3 = BashOperator(
            ^^^^^^^^^^^^^
  File "/home/airflow/.local/lib/python3.12/site-packages/airflow/models/baseoperator.py", line 467, in apply_defaults
    raise AirflowException(f"missing keyword argument {missing_args.pop()!r}")
airflow.exceptions.AirflowException: missing keyword argument 'bash_command'
[2025-10-30T22:41:12.554+0700] {processor.py:842} WARNING - No viable dags retrieved from /opt/airflow/dags/demo_dag1.py
[2025-10-30T22:41:12.582+0700] {processor.py:183} INFO - Processing /opt/airflow/dags/demo_dag1.py took 1.385 seconds
[2025-10-30T22:41:43.451+0700] {processor.py:161} INFO - Started process (PID=1451) to work on /opt/airflow/dags/demo_dag1.py
[2025-10-30T22:41:43.451+0700] {processor.py:830} INFO - Processing file /opt/airflow/dags/demo_dag1.py for tasks to queue
[2025-10-30T22:41:43.453+0700] {logging_mixin.py:188} INFO - [2025-10-30T22:41:43.452+0700] {dagbag.py:540} INFO - Filling up the DagBag from /opt/airflow/dags/demo_dag1.py
[2025-10-30T22:41:44.683+0700] {logging_mixin.py:188} INFO - [2025-10-30T22:41:44.682+0700] {dagbag.py:350} ERROR - Failed to import: /opt/airflow/dags/demo_dag1.py
Traceback (most recent call last):
  File "/home/airflow/.local/lib/python3.12/site-packages/airflow/models/dagbag.py", line 346, in parse
    loader.exec_module(new_module)
  File "<frozen importlib._bootstrap_external>", line 995, in exec_module
  File "<frozen importlib._bootstrap>", line 488, in _call_with_frames_removed
  File "/opt/airflow/dags/demo_dag1.py", line 36, in <module>
    task3 = BashOperator(
            ^^^^^^^^^^^^^
  File "/home/airflow/.local/lib/python3.12/site-packages/airflow/models/baseoperator.py", line 467, in apply_defaults
    raise AirflowException(f"missing keyword argument {missing_args.pop()!r}")
airflow.exceptions.AirflowException: missing keyword argument 'bash_command'
[2025-10-30T22:41:44.684+0700] {processor.py:842} WARNING - No viable dags retrieved from /opt/airflow/dags/demo_dag1.py
[2025-10-30T22:41:44.696+0700] {processor.py:183} INFO - Processing /opt/airflow/dags/demo_dag1.py took 1.249 seconds
[2025-10-30T22:42:15.528+0700] {processor.py:161} INFO - Started process (PID=1518) to work on /opt/airflow/dags/demo_dag1.py
[2025-10-30T22:42:15.529+0700] {processor.py:830} INFO - Processing file /opt/airflow/dags/demo_dag1.py for tasks to queue
[2025-10-30T22:42:15.530+0700] {logging_mixin.py:188} INFO - [2025-10-30T22:42:15.530+0700] {dagbag.py:540} INFO - Filling up the DagBag from /opt/airflow/dags/demo_dag1.py
[2025-10-30T22:42:20.256+0700] {logging_mixin.py:188} INFO - [2025-10-30T22:42:20.255+0700] {dagbag.py:350} ERROR - Failed to import: /opt/airflow/dags/demo_dag1.py
Traceback (most recent call last):
  File "/home/airflow/.local/lib/python3.12/site-packages/airflow/models/dagbag.py", line 346, in parse
    loader.exec_module(new_module)
  File "<frozen importlib._bootstrap_external>", line 995, in exec_module
  File "<frozen importlib._bootstrap>", line 488, in _call_with_frames_removed
  File "/opt/airflow/dags/demo_dag1.py", line 36, in <module>
    task3 = BashOperator(
            ^^^^^^^^^^^^^
  File "/home/airflow/.local/lib/python3.12/site-packages/airflow/models/baseoperator.py", line 467, in apply_defaults
    raise AirflowException(f"missing keyword argument {missing_args.pop()!r}")
airflow.exceptions.AirflowException: missing keyword argument 'bash_command'
[2025-10-30T22:42:20.256+0700] {processor.py:842} WARNING - No viable dags retrieved from /opt/airflow/dags/demo_dag1.py
[2025-10-30T22:42:20.280+0700] {processor.py:183} INFO - Processing /opt/airflow/dags/demo_dag1.py took 4.756 seconds
[2025-10-30T22:42:50.927+0700] {processor.py:161} INFO - Started process (PID=1579) to work on /opt/airflow/dags/demo_dag1.py
[2025-10-30T22:42:50.927+0700] {processor.py:830} INFO - Processing file /opt/airflow/dags/demo_dag1.py for tasks to queue
[2025-10-30T22:42:50.929+0700] {logging_mixin.py:188} INFO - [2025-10-30T22:42:50.928+0700] {dagbag.py:540} INFO - Filling up the DagBag from /opt/airflow/dags/demo_dag1.py
[2025-10-30T22:42:52.117+0700] {logging_mixin.py:188} INFO - [2025-10-30T22:42:52.116+0700] {dagbag.py:350} ERROR - Failed to import: /opt/airflow/dags/demo_dag1.py
Traceback (most recent call last):
  File "/home/airflow/.local/lib/python3.12/site-packages/airflow/models/dagbag.py", line 346, in parse
    loader.exec_module(new_module)
  File "<frozen importlib._bootstrap_external>", line 995, in exec_module
  File "<frozen importlib._bootstrap>", line 488, in _call_with_frames_removed
  File "/opt/airflow/dags/demo_dag1.py", line 36, in <module>
    task3 = BashOperator(
            ^^^^^^^^^^^^^
  File "/home/airflow/.local/lib/python3.12/site-packages/airflow/models/baseoperator.py", line 467, in apply_defaults
    raise AirflowException(f"missing keyword argument {missing_args.pop()!r}")
airflow.exceptions.AirflowException: missing keyword argument 'bash_command'
[2025-10-30T22:42:52.117+0700] {processor.py:842} WARNING - No viable dags retrieved from /opt/airflow/dags/demo_dag1.py
[2025-10-30T22:42:52.127+0700] {processor.py:183} INFO - Processing /opt/airflow/dags/demo_dag1.py took 1.205 seconds
[2025-10-30T22:43:23.065+0700] {processor.py:161} INFO - Started process (PID=1640) to work on /opt/airflow/dags/demo_dag1.py
[2025-10-30T22:43:23.066+0700] {processor.py:830} INFO - Processing file /opt/airflow/dags/demo_dag1.py for tasks to queue
[2025-10-30T22:43:23.067+0700] {logging_mixin.py:188} INFO - [2025-10-30T22:43:23.067+0700] {dagbag.py:540} INFO - Filling up the DagBag from /opt/airflow/dags/demo_dag1.py
[2025-10-30T22:43:24.323+0700] {logging_mixin.py:188} INFO - [2025-10-30T22:43:24.322+0700] {dagbag.py:350} ERROR - Failed to import: /opt/airflow/dags/demo_dag1.py
Traceback (most recent call last):
  File "/home/airflow/.local/lib/python3.12/site-packages/airflow/models/dagbag.py", line 346, in parse
    loader.exec_module(new_module)
  File "<frozen importlib._bootstrap_external>", line 995, in exec_module
  File "<frozen importlib._bootstrap>", line 488, in _call_with_frames_removed
  File "/opt/airflow/dags/demo_dag1.py", line 36, in <module>
    task3 = BashOperator(
            ^^^^^^^^^^^^^
  File "/home/airflow/.local/lib/python3.12/site-packages/airflow/models/baseoperator.py", line 467, in apply_defaults
    raise AirflowException(f"missing keyword argument {missing_args.pop()!r}")
airflow.exceptions.AirflowException: missing keyword argument 'bash_command'
[2025-10-30T22:43:24.323+0700] {processor.py:842} WARNING - No viable dags retrieved from /opt/airflow/dags/demo_dag1.py
[2025-10-30T22:43:24.333+0700] {processor.py:183} INFO - Processing /opt/airflow/dags/demo_dag1.py took 1.273 seconds
[2025-10-30T22:43:54.394+0700] {processor.py:161} INFO - Started process (PID=1701) to work on /opt/airflow/dags/demo_dag1.py
[2025-10-30T22:43:54.395+0700] {processor.py:830} INFO - Processing file /opt/airflow/dags/demo_dag1.py for tasks to queue
[2025-10-30T22:43:54.396+0700] {logging_mixin.py:188} INFO - [2025-10-30T22:43:54.396+0700] {dagbag.py:540} INFO - Filling up the DagBag from /opt/airflow/dags/demo_dag1.py
[2025-10-30T22:43:55.627+0700] {logging_mixin.py:188} INFO - [2025-10-30T22:43:55.626+0700] {dagbag.py:350} ERROR - Failed to import: /opt/airflow/dags/demo_dag1.py
Traceback (most recent call last):
  File "/home/airflow/.local/lib/python3.12/site-packages/airflow/models/dagbag.py", line 346, in parse
    loader.exec_module(new_module)
  File "<frozen importlib._bootstrap_external>", line 995, in exec_module
  File "<frozen importlib._bootstrap>", line 488, in _call_with_frames_removed
  File "/opt/airflow/dags/demo_dag1.py", line 36, in <module>
    task3 = BashOperator(
            ^^^^^^^^^^^^^
  File "/home/airflow/.local/lib/python3.12/site-packages/airflow/models/baseoperator.py", line 467, in apply_defaults
    raise AirflowException(f"missing keyword argument {missing_args.pop()!r}")
airflow.exceptions.AirflowException: missing keyword argument 'bash_command'
[2025-10-30T22:43:55.628+0700] {processor.py:842} WARNING - No viable dags retrieved from /opt/airflow/dags/demo_dag1.py
[2025-10-30T22:43:55.636+0700] {processor.py:183} INFO - Processing /opt/airflow/dags/demo_dag1.py took 1.247 seconds
[2025-10-30T22:44:26.579+0700] {processor.py:161} INFO - Started process (PID=1762) to work on /opt/airflow/dags/demo_dag1.py
[2025-10-30T22:44:26.580+0700] {processor.py:830} INFO - Processing file /opt/airflow/dags/demo_dag1.py for tasks to queue
[2025-10-30T22:44:26.581+0700] {logging_mixin.py:188} INFO - [2025-10-30T22:44:26.581+0700] {dagbag.py:540} INFO - Filling up the DagBag from /opt/airflow/dags/demo_dag1.py
[2025-10-30T22:44:27.947+0700] {logging_mixin.py:188} INFO - [2025-10-30T22:44:27.946+0700] {dagbag.py:350} ERROR - Failed to import: /opt/airflow/dags/demo_dag1.py
Traceback (most recent call last):
  File "/home/airflow/.local/lib/python3.12/site-packages/airflow/models/dagbag.py", line 346, in parse
    loader.exec_module(new_module)
  File "<frozen importlib._bootstrap_external>", line 995, in exec_module
  File "<frozen importlib._bootstrap>", line 488, in _call_with_frames_removed
  File "/opt/airflow/dags/demo_dag1.py", line 36, in <module>
    task3 = BashOperator(
            ^^^^^^^^^^^^^
  File "/home/airflow/.local/lib/python3.12/site-packages/airflow/models/baseoperator.py", line 467, in apply_defaults
    raise AirflowException(f"missing keyword argument {missing_args.pop()!r}")
airflow.exceptions.AirflowException: missing keyword argument 'bash_command'
[2025-10-30T22:44:27.948+0700] {processor.py:842} WARNING - No viable dags retrieved from /opt/airflow/dags/demo_dag1.py
[2025-10-30T22:44:27.967+0700] {processor.py:183} INFO - Processing /opt/airflow/dags/demo_dag1.py took 1.393 seconds
[2025-10-30T22:44:58.263+0700] {processor.py:161} INFO - Started process (PID=1823) to work on /opt/airflow/dags/demo_dag1.py
[2025-10-30T22:44:58.263+0700] {processor.py:830} INFO - Processing file /opt/airflow/dags/demo_dag1.py for tasks to queue
[2025-10-30T22:44:58.265+0700] {logging_mixin.py:188} INFO - [2025-10-30T22:44:58.264+0700] {dagbag.py:540} INFO - Filling up the DagBag from /opt/airflow/dags/demo_dag1.py
[2025-10-30T22:44:59.536+0700] {logging_mixin.py:188} INFO - [2025-10-30T22:44:59.535+0700] {dagbag.py:350} ERROR - Failed to import: /opt/airflow/dags/demo_dag1.py
Traceback (most recent call last):
  File "/home/airflow/.local/lib/python3.12/site-packages/airflow/models/dagbag.py", line 346, in parse
    loader.exec_module(new_module)
  File "<frozen importlib._bootstrap_external>", line 995, in exec_module
  File "<frozen importlib._bootstrap>", line 488, in _call_with_frames_removed
  File "/opt/airflow/dags/demo_dag1.py", line 36, in <module>
    task3 = BashOperator(
            ^^^^^^^^^^^^^
  File "/home/airflow/.local/lib/python3.12/site-packages/airflow/models/baseoperator.py", line 467, in apply_defaults
    raise AirflowException(f"missing keyword argument {missing_args.pop()!r}")
airflow.exceptions.AirflowException: missing keyword argument 'bash_command'
[2025-10-30T22:44:59.536+0700] {processor.py:842} WARNING - No viable dags retrieved from /opt/airflow/dags/demo_dag1.py
[2025-10-30T22:44:59.546+0700] {processor.py:183} INFO - Processing /opt/airflow/dags/demo_dag1.py took 1.287 seconds
[2025-10-30T22:45:30.186+0700] {processor.py:161} INFO - Started process (PID=1884) to work on /opt/airflow/dags/demo_dag1.py
[2025-10-30T22:45:30.187+0700] {processor.py:830} INFO - Processing file /opt/airflow/dags/demo_dag1.py for tasks to queue
[2025-10-30T22:45:30.188+0700] {logging_mixin.py:188} INFO - [2025-10-30T22:45:30.188+0700] {dagbag.py:540} INFO - Filling up the DagBag from /opt/airflow/dags/demo_dag1.py
[2025-10-30T22:45:31.292+0700] {logging_mixin.py:188} INFO - [2025-10-30T22:45:31.291+0700] {dagbag.py:350} ERROR - Failed to import: /opt/airflow/dags/demo_dag1.py
Traceback (most recent call last):
  File "/home/airflow/.local/lib/python3.12/site-packages/airflow/models/dagbag.py", line 346, in parse
    loader.exec_module(new_module)
  File "<frozen importlib._bootstrap_external>", line 995, in exec_module
  File "<frozen importlib._bootstrap>", line 488, in _call_with_frames_removed
  File "/opt/airflow/dags/demo_dag1.py", line 36, in <module>
    task3 = BashOperator(
            ^^^^^^^^^^^^^
  File "/home/airflow/.local/lib/python3.12/site-packages/airflow/models/baseoperator.py", line 467, in apply_defaults
    raise AirflowException(f"missing keyword argument {missing_args.pop()!r}")
airflow.exceptions.AirflowException: missing keyword argument 'bash_command'
[2025-10-30T22:45:31.292+0700] {processor.py:842} WARNING - No viable dags retrieved from /opt/airflow/dags/demo_dag1.py
[2025-10-30T22:45:31.303+0700] {processor.py:183} INFO - Processing /opt/airflow/dags/demo_dag1.py took 1.121 seconds
[2025-10-30T22:46:01.647+0700] {processor.py:161} INFO - Started process (PID=1945) to work on /opt/airflow/dags/demo_dag1.py
[2025-10-30T22:46:01.647+0700] {processor.py:830} INFO - Processing file /opt/airflow/dags/demo_dag1.py for tasks to queue
[2025-10-30T22:46:01.649+0700] {logging_mixin.py:188} INFO - [2025-10-30T22:46:01.648+0700] {dagbag.py:540} INFO - Filling up the DagBag from /opt/airflow/dags/demo_dag1.py
[2025-10-30T22:46:02.888+0700] {logging_mixin.py:188} INFO - [2025-10-30T22:46:02.887+0700] {dagbag.py:350} ERROR - Failed to import: /opt/airflow/dags/demo_dag1.py
Traceback (most recent call last):
  File "/home/airflow/.local/lib/python3.12/site-packages/airflow/models/dagbag.py", line 346, in parse
    loader.exec_module(new_module)
  File "<frozen importlib._bootstrap_external>", line 995, in exec_module
  File "<frozen importlib._bootstrap>", line 488, in _call_with_frames_removed
  File "/opt/airflow/dags/demo_dag1.py", line 36, in <module>
    task3 = BashOperator(
            ^^^^^^^^^^^^^
  File "/home/airflow/.local/lib/python3.12/site-packages/airflow/models/baseoperator.py", line 467, in apply_defaults
    raise AirflowException(f"missing keyword argument {missing_args.pop()!r}")
airflow.exceptions.AirflowException: missing keyword argument 'bash_command'
[2025-10-30T22:46:02.889+0700] {processor.py:842} WARNING - No viable dags retrieved from /opt/airflow/dags/demo_dag1.py
[2025-10-30T22:46:02.900+0700] {processor.py:183} INFO - Processing /opt/airflow/dags/demo_dag1.py took 1.256 seconds
[2025-10-30T22:46:33.173+0700] {processor.py:161} INFO - Started process (PID=2006) to work on /opt/airflow/dags/demo_dag1.py
[2025-10-30T22:46:33.174+0700] {processor.py:830} INFO - Processing file /opt/airflow/dags/demo_dag1.py for tasks to queue
[2025-10-30T22:46:33.175+0700] {logging_mixin.py:188} INFO - [2025-10-30T22:46:33.175+0700] {dagbag.py:540} INFO - Filling up the DagBag from /opt/airflow/dags/demo_dag1.py
[2025-10-30T22:46:34.401+0700] {logging_mixin.py:188} INFO - [2025-10-30T22:46:34.399+0700] {dagbag.py:350} ERROR - Failed to import: /opt/airflow/dags/demo_dag1.py
Traceback (most recent call last):
  File "/home/airflow/.local/lib/python3.12/site-packages/airflow/models/dagbag.py", line 346, in parse
    loader.exec_module(new_module)
  File "<frozen importlib._bootstrap_external>", line 995, in exec_module
  File "<frozen importlib._bootstrap>", line 488, in _call_with_frames_removed
  File "/opt/airflow/dags/demo_dag1.py", line 36, in <module>
    task3 = BashOperator(
            ^^^^^^^^^^^^^
  File "/home/airflow/.local/lib/python3.12/site-packages/airflow/models/baseoperator.py", line 467, in apply_defaults
    raise AirflowException(f"missing keyword argument {missing_args.pop()!r}")
airflow.exceptions.AirflowException: missing keyword argument 'bash_command'
[2025-10-30T22:46:34.402+0700] {processor.py:842} WARNING - No viable dags retrieved from /opt/airflow/dags/demo_dag1.py
[2025-10-30T22:46:34.412+0700] {processor.py:183} INFO - Processing /opt/airflow/dags/demo_dag1.py took 1.243 seconds
[2025-10-30T22:47:04.909+0700] {processor.py:161} INFO - Started process (PID=2067) to work on /opt/airflow/dags/demo_dag1.py
[2025-10-30T22:47:04.910+0700] {processor.py:830} INFO - Processing file /opt/airflow/dags/demo_dag1.py for tasks to queue
[2025-10-30T22:47:04.911+0700] {logging_mixin.py:188} INFO - [2025-10-30T22:47:04.911+0700] {dagbag.py:540} INFO - Filling up the DagBag from /opt/airflow/dags/demo_dag1.py
[2025-10-30T22:47:06.163+0700] {logging_mixin.py:188} INFO - [2025-10-30T22:47:06.162+0700] {dagbag.py:350} ERROR - Failed to import: /opt/airflow/dags/demo_dag1.py
Traceback (most recent call last):
  File "/home/airflow/.local/lib/python3.12/site-packages/airflow/models/dagbag.py", line 346, in parse
    loader.exec_module(new_module)
  File "<frozen importlib._bootstrap_external>", line 995, in exec_module
  File "<frozen importlib._bootstrap>", line 488, in _call_with_frames_removed
  File "/opt/airflow/dags/demo_dag1.py", line 36, in <module>
    task3 = BashOperator(
            ^^^^^^^^^^^^^
  File "/home/airflow/.local/lib/python3.12/site-packages/airflow/models/baseoperator.py", line 467, in apply_defaults
    raise AirflowException(f"missing keyword argument {missing_args.pop()!r}")
airflow.exceptions.AirflowException: missing keyword argument 'bash_command'
[2025-10-30T22:47:06.163+0700] {processor.py:842} WARNING - No viable dags retrieved from /opt/airflow/dags/demo_dag1.py
[2025-10-30T22:47:06.173+0700] {processor.py:183} INFO - Processing /opt/airflow/dags/demo_dag1.py took 1.268 seconds
[2025-10-30T22:47:36.409+0700] {processor.py:161} INFO - Started process (PID=2128) to work on /opt/airflow/dags/demo_dag1.py
[2025-10-30T22:47:36.409+0700] {processor.py:830} INFO - Processing file /opt/airflow/dags/demo_dag1.py for tasks to queue
[2025-10-30T22:47:36.411+0700] {logging_mixin.py:188} INFO - [2025-10-30T22:47:36.411+0700] {dagbag.py:540} INFO - Filling up the DagBag from /opt/airflow/dags/demo_dag1.py
[2025-10-30T22:47:37.688+0700] {logging_mixin.py:188} INFO - [2025-10-30T22:47:37.687+0700] {dagbag.py:350} ERROR - Failed to import: /opt/airflow/dags/demo_dag1.py
Traceback (most recent call last):
  File "/home/airflow/.local/lib/python3.12/site-packages/airflow/models/dagbag.py", line 346, in parse
    loader.exec_module(new_module)
  File "<frozen importlib._bootstrap_external>", line 995, in exec_module
  File "<frozen importlib._bootstrap>", line 488, in _call_with_frames_removed
  File "/opt/airflow/dags/demo_dag1.py", line 36, in <module>
    task3 = BashOperator(
            ^^^^^^^^^^^^^
  File "/home/airflow/.local/lib/python3.12/site-packages/airflow/models/baseoperator.py", line 467, in apply_defaults
    raise AirflowException(f"missing keyword argument {missing_args.pop()!r}")
airflow.exceptions.AirflowException: missing keyword argument 'bash_command'
[2025-10-30T22:47:37.688+0700] {processor.py:842} WARNING - No viable dags retrieved from /opt/airflow/dags/demo_dag1.py
[2025-10-30T22:47:37.697+0700] {processor.py:183} INFO - Processing /opt/airflow/dags/demo_dag1.py took 1.293 seconds
[2025-10-30T22:48:07.755+0700] {processor.py:161} INFO - Started process (PID=2189) to work on /opt/airflow/dags/demo_dag1.py
[2025-10-30T22:48:07.756+0700] {processor.py:830} INFO - Processing file /opt/airflow/dags/demo_dag1.py for tasks to queue
[2025-10-30T22:48:07.757+0700] {logging_mixin.py:188} INFO - [2025-10-30T22:48:07.757+0700] {dagbag.py:540} INFO - Filling up the DagBag from /opt/airflow/dags/demo_dag1.py
[2025-10-30T22:48:08.913+0700] {logging_mixin.py:188} INFO - [2025-10-30T22:48:08.912+0700] {dagbag.py:350} ERROR - Failed to import: /opt/airflow/dags/demo_dag1.py
Traceback (most recent call last):
  File "/home/airflow/.local/lib/python3.12/site-packages/airflow/models/dagbag.py", line 346, in parse
    loader.exec_module(new_module)
  File "<frozen importlib._bootstrap_external>", line 995, in exec_module
  File "<frozen importlib._bootstrap>", line 488, in _call_with_frames_removed
  File "/opt/airflow/dags/demo_dag1.py", line 36, in <module>
    task3 = BashOperator(
            ^^^^^^^^^^^^^
  File "/home/airflow/.local/lib/python3.12/site-packages/airflow/models/baseoperator.py", line 467, in apply_defaults
    raise AirflowException(f"missing keyword argument {missing_args.pop()!r}")
airflow.exceptions.AirflowException: missing keyword argument 'bash_command'
[2025-10-30T22:48:08.913+0700] {processor.py:842} WARNING - No viable dags retrieved from /opt/airflow/dags/demo_dag1.py
[2025-10-30T22:48:08.922+0700] {processor.py:183} INFO - Processing /opt/airflow/dags/demo_dag1.py took 1.171 seconds
[2025-10-30T22:48:39.883+0700] {processor.py:161} INFO - Started process (PID=2250) to work on /opt/airflow/dags/demo_dag1.py
[2025-10-30T22:48:39.884+0700] {processor.py:830} INFO - Processing file /opt/airflow/dags/demo_dag1.py for tasks to queue
[2025-10-30T22:48:39.885+0700] {logging_mixin.py:188} INFO - [2025-10-30T22:48:39.885+0700] {dagbag.py:540} INFO - Filling up the DagBag from /opt/airflow/dags/demo_dag1.py
[2025-10-30T22:48:40.948+0700] {logging_mixin.py:188} INFO - [2025-10-30T22:48:40.947+0700] {dagbag.py:350} ERROR - Failed to import: /opt/airflow/dags/demo_dag1.py
Traceback (most recent call last):
  File "/home/airflow/.local/lib/python3.12/site-packages/airflow/models/dagbag.py", line 346, in parse
    loader.exec_module(new_module)
  File "<frozen importlib._bootstrap_external>", line 995, in exec_module
  File "<frozen importlib._bootstrap>", line 488, in _call_with_frames_removed
  File "/opt/airflow/dags/demo_dag1.py", line 36, in <module>
    task3 = BashOperator(
            ^^^^^^^^^^^^^
  File "/home/airflow/.local/lib/python3.12/site-packages/airflow/models/baseoperator.py", line 467, in apply_defaults
    raise AirflowException(f"missing keyword argument {missing_args.pop()!r}")
airflow.exceptions.AirflowException: missing keyword argument 'bash_command'
[2025-10-30T22:48:40.949+0700] {processor.py:842} WARNING - No viable dags retrieved from /opt/airflow/dags/demo_dag1.py
[2025-10-30T22:48:40.957+0700] {processor.py:183} INFO - Processing /opt/airflow/dags/demo_dag1.py took 1.077 seconds
[2025-10-30T22:49:11.018+0700] {processor.py:161} INFO - Started process (PID=2311) to work on /opt/airflow/dags/demo_dag1.py
[2025-10-30T22:49:11.018+0700] {processor.py:830} INFO - Processing file /opt/airflow/dags/demo_dag1.py for tasks to queue
[2025-10-30T22:49:11.020+0700] {logging_mixin.py:188} INFO - [2025-10-30T22:49:11.019+0700] {dagbag.py:540} INFO - Filling up the DagBag from /opt/airflow/dags/demo_dag1.py
[2025-10-30T22:49:12.128+0700] {logging_mixin.py:188} INFO - [2025-10-30T22:49:12.128+0700] {dagbag.py:350} ERROR - Failed to import: /opt/airflow/dags/demo_dag1.py
Traceback (most recent call last):
  File "/home/airflow/.local/lib/python3.12/site-packages/airflow/models/dagbag.py", line 346, in parse
    loader.exec_module(new_module)
  File "<frozen importlib._bootstrap_external>", line 995, in exec_module
  File "<frozen importlib._bootstrap>", line 488, in _call_with_frames_removed
  File "/opt/airflow/dags/demo_dag1.py", line 36, in <module>
    task3 = BashOperator(
            ^^^^^^^^^^^^^
  File "/home/airflow/.local/lib/python3.12/site-packages/airflow/models/baseoperator.py", line 467, in apply_defaults
    raise AirflowException(f"missing keyword argument {missing_args.pop()!r}")
airflow.exceptions.AirflowException: missing keyword argument 'bash_command'
[2025-10-30T22:49:12.129+0700] {processor.py:842} WARNING - No viable dags retrieved from /opt/airflow/dags/demo_dag1.py
[2025-10-30T22:49:12.138+0700] {processor.py:183} INFO - Processing /opt/airflow/dags/demo_dag1.py took 1.123 seconds
