[2025-10-29T04:52:55.190+0700] {local_task_job_runner.py:120} INFO - ::group::Pre task execution logs
[2025-10-29T04:52:55.206+0700] {taskinstance.py:2073} INFO - Dependencies all met for dep_context=non-requeueable deps ti=<TaskInstance: absa_streaming_lifecycle_demo1.deploy_consumer manual__2025-10-28T21:52:52.400536+00:00 [queued]>
[2025-10-29T04:52:55.211+0700] {taskinstance.py:2073} INFO - Dependencies all met for dep_context=requeueable deps ti=<TaskInstance: absa_streaming_lifecycle_demo1.deploy_consumer manual__2025-10-28T21:52:52.400536+00:00 [queued]>
[2025-10-29T04:52:55.211+0700] {taskinstance.py:2303} INFO - Starting attempt 1 of 6
[2025-10-29T04:52:55.222+0700] {taskinstance.py:2327} INFO - Executing <Task(BashOperator): deploy_consumer> on 2025-10-28 21:52:52.400536+00:00
[2025-10-29T04:52:55.229+0700] {warnings.py:110} WARNING - /home/***/.local/lib/python3.12/site-packages/***/task/task_runner/standard_task_runner.py:61: DeprecationWarning: This process (pid=253) is multi-threaded, use of fork() may lead to deadlocks in the child.
  pid = os.fork()

[2025-10-29T04:52:55.230+0700] {standard_task_runner.py:63} INFO - Started process 259 to run task
[2025-10-29T04:52:55.231+0700] {standard_task_runner.py:90} INFO - Running: ['***', 'tasks', 'run', 'absa_streaming_lifecycle_demo1', 'deploy_consumer', 'manual__2025-10-28T21:52:52.400536+00:00', '--job-id', '5', '--raw', '--subdir', 'DAGS_FOLDER/absa_streaming_lifecycle_dag1.py', '--cfg-path', '/tmp/tmpa5z63hk_']
[2025-10-29T04:52:55.233+0700] {standard_task_runner.py:91} INFO - Job 5: Subtask deploy_consumer
[2025-10-29T04:52:55.267+0700] {task_command.py:426} INFO - Running <TaskInstance: absa_streaming_lifecycle_demo1.deploy_consumer manual__2025-10-28T21:52:52.400536+00:00 [running]> on host 69fea060dc22
[2025-10-29T04:52:55.328+0700] {taskinstance.py:2644} INFO - Exporting env vars: AIRFLOW_CTX_DAG_OWNER='***' AIRFLOW_CTX_DAG_ID='absa_streaming_lifecycle_demo1' AIRFLOW_CTX_TASK_ID='deploy_consumer' AIRFLOW_CTX_EXECUTION_DATE='2025-10-28T21:52:52.400536+00:00' AIRFLOW_CTX_TRY_NUMBER='1' AIRFLOW_CTX_DAG_RUN_ID='manual__2025-10-28T21:52:52.400536+00:00'
[2025-10-29T04:52:55.329+0700] {taskinstance.py:430} INFO - ::endgroup::
[2025-10-29T04:52:55.330+0700] {subprocess.py:63} INFO - Tmp dir root location: /tmp
[2025-10-29T04:52:55.331+0700] {subprocess.py:75} INFO - Running command: ['/usr/bin/bash', '-c', 'bash -c "timeout 45m /opt/***/projects/absa_streaming/scripts/run_consumer.sh"']
[2025-10-29T04:52:55.342+0700] {subprocess.py:86} INFO - Output:
[2025-10-29T04:52:55.348+0700] {subprocess.py:93} INFO - [Consumer] Starting Spark Structured Streaming job...
[2025-10-29T04:52:55.385+0700] {subprocess.py:93} INFO - /home/***/.local/lib/python3.12/site-packages/pyspark/bin/load-spark-env.sh: line 68: ps: command not found
[2025-10-29T04:52:57.122+0700] {subprocess.py:93} INFO - :: loading settings :: url = jar:file:/home/***/.local/lib/python3.12/site-packages/pyspark/jars/ivy-2.5.1.jar!/org/apache/ivy/core/settings/ivysettings.xml
[2025-10-29T04:52:57.231+0700] {subprocess.py:93} INFO - Ivy Default Cache set to: /home/***/.ivy2/cache
[2025-10-29T04:52:57.232+0700] {subprocess.py:93} INFO - The jars for the packages stored in: /home/***/.ivy2/jars
[2025-10-29T04:52:57.236+0700] {subprocess.py:93} INFO - org.apache.spark#spark-sql-kafka-0-10_2.12 added as a dependency
[2025-10-29T04:52:57.236+0700] {subprocess.py:93} INFO - org.postgresql#postgresql added as a dependency
[2025-10-29T04:52:57.237+0700] {subprocess.py:93} INFO - :: resolving dependencies :: org.apache.spark#spark-submit-parent-de26a35a-ed23-4352-8e51-bbde96d325da;1.0
[2025-10-29T04:52:57.238+0700] {subprocess.py:93} INFO - 	confs: [default]
[2025-10-29T04:53:03.314+0700] {subprocess.py:93} INFO - 	found org.apache.spark#spark-sql-kafka-0-10_2.12;3.5.1 in central
[2025-10-29T04:53:03.659+0700] {subprocess.py:93} INFO - 	found org.apache.spark#spark-token-provider-kafka-0-10_2.12;3.5.1 in central
[2025-10-29T04:53:03.881+0700] {subprocess.py:93} INFO - 	found org.apache.kafka#kafka-clients;3.4.1 in central
[2025-10-29T04:53:04.102+0700] {subprocess.py:93} INFO - 	found org.lz4#lz4-java;1.8.0 in central
[2025-10-29T04:53:04.329+0700] {subprocess.py:93} INFO - 	found org.xerial.snappy#snappy-java;1.1.10.3 in central
[2025-10-29T04:53:05.489+0700] {subprocess.py:93} INFO - 	found org.slf4j#slf4j-api;2.0.7 in central
[2025-10-29T04:53:07.627+0700] {subprocess.py:93} INFO - 	found org.apache.hadoop#hadoop-client-runtime;3.3.4 in central
[2025-10-29T04:53:07.826+0700] {subprocess.py:93} INFO - 	found org.apache.hadoop#hadoop-client-api;3.3.4 in central
[2025-10-29T04:53:10.017+0700] {subprocess.py:93} INFO - 	found commons-logging#commons-logging;1.1.3 in central
[2025-10-29T04:53:10.146+0700] {subprocess.py:93} INFO - 	found com.google.code.findbugs#jsr305;3.0.0 in central
[2025-10-29T04:53:12.083+0700] {subprocess.py:93} INFO - 	found org.apache.commons#commons-pool2;2.11.1 in central
[2025-10-29T04:53:12.206+0700] {subprocess.py:93} INFO - 	found org.postgresql#postgresql;42.6.0 in central
[2025-10-29T04:53:12.404+0700] {subprocess.py:93} INFO - 	found org.checkerframework#checker-qual;3.31.0 in central
[2025-10-29T04:53:12.546+0700] {subprocess.py:93} INFO - downloading https://repo1.maven.org/maven2/org/apache/spark/spark-sql-kafka-0-10_2.12/3.5.1/spark-sql-kafka-0-10_2.12-3.5.1.jar ...
[2025-10-29T04:53:12.724+0700] {subprocess.py:93} INFO - 	[SUCCESSFUL ] org.apache.spark#spark-sql-kafka-0-10_2.12;3.5.1!spark-sql-kafka-0-10_2.12.jar (315ms)
[2025-10-29T04:53:12.796+0700] {subprocess.py:93} INFO - downloading https://repo1.maven.org/maven2/org/postgresql/postgresql/42.6.0/postgresql-42.6.0.jar ...
[2025-10-29T04:53:12.906+0700] {subprocess.py:93} INFO - 	[SUCCESSFUL ] org.postgresql#postgresql;42.6.0!postgresql.jar (182ms)
[2025-10-29T04:53:12.967+0700] {subprocess.py:93} INFO - downloading https://repo1.maven.org/maven2/org/apache/spark/spark-token-provider-kafka-0-10_2.12/3.5.1/spark-token-provider-kafka-0-10_2.12-3.5.1.jar ...
[2025-10-29T04:53:13.026+0700] {subprocess.py:93} INFO - 	[SUCCESSFUL ] org.apache.spark#spark-token-provider-kafka-0-10_2.12;3.5.1!spark-token-provider-kafka-0-10_2.12.jar (120ms)
[2025-10-29T04:53:13.084+0700] {subprocess.py:93} INFO - downloading https://repo1.maven.org/maven2/org/apache/kafka/kafka-clients/3.4.1/kafka-clients-3.4.1.jar ...
[2025-10-29T04:53:13.582+0700] {subprocess.py:93} INFO - downloading https://repo1.maven.org/maven2/com/google/code/findbugs/jsr305/3.0.0/jsr305-3.0.0.jar ...
[2025-10-29T04:53:13.643+0700] {subprocess.py:93} INFO - 	[SUCCESSFUL ] com.google.code.findbugs#jsr305;3.0.0!jsr305.jar (116ms)
[2025-10-29T04:53:13.710+0700] {subprocess.py:93} INFO - downloading https://repo1.maven.org/maven2/org/apache/commons/commons-pool2/2.11.1/commons-pool2-2.11.1.jar ...
[2025-10-29T04:53:13.837+0700] {subprocess.py:93} INFO - downloading https://repo1.maven.org/maven2/org/apache/hadoop/hadoop-client-runtime/3.3.4/hadoop-client-runtime-3.3.4.jar ...
[2025-10-29T04:53:15.239+0700] {subprocess.py:93} INFO - 	[SUCCESSFUL ] org.apache.hadoop#hadoop-client-runtime;3.3.4!hadoop-client-runtime.jar (1467ms)
[2025-10-29T04:53:15.295+0700] {subprocess.py:93} INFO - downloading https://repo1.maven.org/maven2/org/lz4/lz4-java/1.8.0/lz4-java-1.8.0.jar ...
[2025-10-29T04:53:15.364+0700] {subprocess.py:93} INFO - 	[SUCCESSFUL ] org.lz4#lz4-java;1.8.0!lz4-java.jar (124ms)
[2025-10-29T04:53:15.432+0700] {subprocess.py:93} INFO - downloading https://repo1.maven.org/maven2/org/xerial/snappy/snappy-java/1.1.10.3/snappy-java-1.1.10.3.jar ...
[2025-10-29T04:53:15.518+0700] {subprocess.py:93} INFO - 	[SUCCESSFUL ] org.xerial.snappy#snappy-java;1.1.10.3!snappy-java.jar(bundle) (154ms)
[2025-10-29T04:53:15.573+0700] {subprocess.py:93} INFO - downloading https://repo1.maven.org/maven2/org/slf4j/slf4j-api/2.0.7/slf4j-api-2.0.7.jar ...
[2025-10-29T04:53:15.633+0700] {subprocess.py:93} INFO - 	[SUCCESSFUL ] org.slf4j#slf4j-api;2.0.7!slf4j-api.jar (115ms)
[2025-10-29T04:53:15.706+0700] {subprocess.py:93} INFO - downloading https://repo1.maven.org/maven2/org/apache/hadoop/hadoop-client-api/3.3.4/hadoop-client-api-3.3.4.jar ...
[2025-10-29T04:53:16.001+0700] {subprocess.py:93} INFO - 	[SUCCESSFUL ] org.apache.hadoop#hadoop-client-api;3.3.4!hadoop-client-api.jar (367ms)
[2025-10-29T04:53:16.058+0700] {subprocess.py:93} INFO - downloading https://repo1.maven.org/maven2/commons-logging/commons-logging/1.1.3/commons-logging-1.1.3.jar ...
[2025-10-29T04:53:16.119+0700] {subprocess.py:93} INFO - 	[SUCCESSFUL ] commons-logging#commons-logging;1.1.3!commons-logging.jar (118ms)
[2025-10-29T04:53:16.178+0700] {subprocess.py:93} INFO - downloading https://repo1.maven.org/maven2/org/checkerframework/checker-qual/3.31.0/checker-qual-3.31.0.jar ...
[2025-10-29T04:53:16.242+0700] {subprocess.py:93} INFO - 	[SUCCESSFUL ] org.checkerframework#checker-qual;3.31.0!checker-qual.jar (123ms)
[2025-10-29T04:53:16.242+0700] {subprocess.py:93} INFO - :: resolution report :: resolve 15172ms :: artifacts dl 3833ms
[2025-10-29T04:53:16.242+0700] {subprocess.py:93} INFO - 	:: modules in use:
[2025-10-29T04:53:16.243+0700] {subprocess.py:93} INFO - 	com.google.code.findbugs#jsr305;3.0.0 from central in [default]
[2025-10-29T04:53:16.243+0700] {subprocess.py:93} INFO - 	commons-logging#commons-logging;1.1.3 from central in [default]
[2025-10-29T04:53:16.243+0700] {subprocess.py:93} INFO - 	org.apache.commons#commons-pool2;2.11.1 from central in [default]
[2025-10-29T04:53:16.243+0700] {subprocess.py:93} INFO - 	org.apache.hadoop#hadoop-client-api;3.3.4 from central in [default]
[2025-10-29T04:53:16.243+0700] {subprocess.py:93} INFO - 	org.apache.hadoop#hadoop-client-runtime;3.3.4 from central in [default]
[2025-10-29T04:53:16.243+0700] {subprocess.py:93} INFO - 	org.apache.kafka#kafka-clients;3.4.1 from central in [default]
[2025-10-29T04:53:16.243+0700] {subprocess.py:93} INFO - 	org.apache.spark#spark-sql-kafka-0-10_2.12;3.5.1 from central in [default]
[2025-10-29T04:53:16.244+0700] {subprocess.py:93} INFO - 	org.apache.spark#spark-token-provider-kafka-0-10_2.12;3.5.1 from central in [default]
[2025-10-29T04:53:16.244+0700] {subprocess.py:93} INFO - 	org.checkerframework#checker-qual;3.31.0 from central in [default]
[2025-10-29T04:53:16.244+0700] {subprocess.py:93} INFO - 	org.lz4#lz4-java;1.8.0 from central in [default]
[2025-10-29T04:53:16.244+0700] {subprocess.py:93} INFO - 	org.postgresql#postgresql;42.6.0 from central in [default]
[2025-10-29T04:53:16.244+0700] {subprocess.py:93} INFO - 	org.slf4j#slf4j-api;2.0.7 from central in [default]
[2025-10-29T04:53:16.244+0700] {subprocess.py:93} INFO - 	org.xerial.snappy#snappy-java;1.1.10.3 from central in [default]
[2025-10-29T04:53:16.244+0700] {subprocess.py:93} INFO - 	---------------------------------------------------------------------
[2025-10-29T04:53:16.244+0700] {subprocess.py:93} INFO - 	|                  |            modules            ||   artifacts   |
[2025-10-29T04:53:16.244+0700] {subprocess.py:93} INFO - 	|       conf       | number| search|dwnlded|evicted|| number|dwnlded|
[2025-10-29T04:53:16.244+0700] {subprocess.py:93} INFO - 	---------------------------------------------------------------------
[2025-10-29T04:53:16.244+0700] {subprocess.py:93} INFO - 	|      default     |   13  |   13  |   13  |   0   ||   13  |   11  |
[2025-10-29T04:53:16.245+0700] {subprocess.py:93} INFO - 	---------------------------------------------------------------------
[2025-10-29T04:53:16.247+0700] {subprocess.py:93} INFO - 
[2025-10-29T04:53:16.247+0700] {subprocess.py:93} INFO - :: problems summary ::
[2025-10-29T04:53:16.247+0700] {subprocess.py:93} INFO - :::: WARNINGS
[2025-10-29T04:53:16.247+0700] {subprocess.py:93} INFO - 		[FAILED     ] org.apache.kafka#kafka-clients;3.4.1!kafka-clients.jar: Downloaded file size (0) doesn't match expected Content Length (5050443) for https://repo1.maven.org/maven2/org/apache/kafka/kafka-clients/3.4.1/kafka-clients-3.4.1.jar. Please retry. (499ms)
[2025-10-29T04:53:16.247+0700] {subprocess.py:93} INFO - 
[2025-10-29T04:53:16.247+0700] {subprocess.py:93} INFO - 		[FAILED     ] org.apache.kafka#kafka-clients;3.4.1!kafka-clients.jar: Downloaded file size (0) doesn't match expected Content Length (5050443) for https://repo1.maven.org/maven2/org/apache/kafka/kafka-clients/3.4.1/kafka-clients-3.4.1.jar. Please retry. (499ms)
[2025-10-29T04:53:16.247+0700] {subprocess.py:93} INFO - 
[2025-10-29T04:53:16.247+0700] {subprocess.py:93} INFO - 	==== central: tried
[2025-10-29T04:53:16.247+0700] {subprocess.py:93} INFO - 
[2025-10-29T04:53:16.248+0700] {subprocess.py:93} INFO - 	  https://repo1.maven.org/maven2/org/apache/kafka/kafka-clients/3.4.1/kafka-clients-3.4.1.jar
[2025-10-29T04:53:16.248+0700] {subprocess.py:93} INFO - 
[2025-10-29T04:53:16.248+0700] {subprocess.py:93} INFO - 		[FAILED     ] org.apache.commons#commons-pool2;2.11.1!commons-pool2.jar: Downloaded file size (0) doesn't match expected Content Length (145516) for https://repo1.maven.org/maven2/org/apache/commons/commons-pool2/2.11.1/commons-pool2-2.11.1.jar. Please retry. (128ms)
[2025-10-29T04:53:16.248+0700] {subprocess.py:93} INFO - 
[2025-10-29T04:53:16.248+0700] {subprocess.py:93} INFO - 		[FAILED     ] org.apache.commons#commons-pool2;2.11.1!commons-pool2.jar: Downloaded file size (0) doesn't match expected Content Length (145516) for https://repo1.maven.org/maven2/org/apache/commons/commons-pool2/2.11.1/commons-pool2-2.11.1.jar. Please retry. (128ms)
[2025-10-29T04:53:16.248+0700] {subprocess.py:93} INFO - 
[2025-10-29T04:53:16.248+0700] {subprocess.py:93} INFO - 	==== central: tried
[2025-10-29T04:53:16.248+0700] {subprocess.py:93} INFO - 
[2025-10-29T04:53:16.248+0700] {subprocess.py:93} INFO - 	  https://repo1.maven.org/maven2/org/apache/commons/commons-pool2/2.11.1/commons-pool2-2.11.1.jar
[2025-10-29T04:53:16.248+0700] {subprocess.py:93} INFO - 
[2025-10-29T04:53:16.249+0700] {subprocess.py:93} INFO - 		::::::::::::::::::::::::::::::::::::::::::::::
[2025-10-29T04:53:16.249+0700] {subprocess.py:93} INFO - 
[2025-10-29T04:53:16.249+0700] {subprocess.py:93} INFO - 		::              FAILED DOWNLOADS            ::
[2025-10-29T04:53:16.249+0700] {subprocess.py:93} INFO - 
[2025-10-29T04:53:16.249+0700] {subprocess.py:93} INFO - 		:: ^ see resolution messages for details  ^ ::
[2025-10-29T04:53:16.249+0700] {subprocess.py:93} INFO - 
[2025-10-29T04:53:16.249+0700] {subprocess.py:93} INFO - 		::::::::::::::::::::::::::::::::::::::::::::::
[2025-10-29T04:53:16.249+0700] {subprocess.py:93} INFO - 
[2025-10-29T04:53:16.249+0700] {subprocess.py:93} INFO - 		:: org.apache.kafka#kafka-clients;3.4.1!kafka-clients.jar
[2025-10-29T04:53:16.249+0700] {subprocess.py:93} INFO - 
[2025-10-29T04:53:16.250+0700] {subprocess.py:93} INFO - 		:: org.apache.commons#commons-pool2;2.11.1!commons-pool2.jar
[2025-10-29T04:53:16.250+0700] {subprocess.py:93} INFO - 
[2025-10-29T04:53:16.250+0700] {subprocess.py:93} INFO - 		::::::::::::::::::::::::::::::::::::::::::::::
[2025-10-29T04:53:16.250+0700] {subprocess.py:93} INFO - 
[2025-10-29T04:53:16.250+0700] {subprocess.py:93} INFO - 
[2025-10-29T04:53:16.250+0700] {subprocess.py:93} INFO - 
[2025-10-29T04:53:16.250+0700] {subprocess.py:93} INFO - :: USE VERBOSE OR DEBUG MESSAGE LEVEL FOR MORE DETAILS
[2025-10-29T04:53:16.250+0700] {subprocess.py:93} INFO - Exception in thread "main" java.lang.RuntimeException: [download failed: org.apache.kafka#kafka-clients;3.4.1!kafka-clients.jar, download failed: org.apache.commons#commons-pool2;2.11.1!commons-pool2.jar]
[2025-10-29T04:53:16.250+0700] {subprocess.py:93} INFO - 	at org.apache.spark.deploy.SparkSubmitUtils$.resolveMavenCoordinates(SparkSubmit.scala:1608)
[2025-10-29T04:53:16.250+0700] {subprocess.py:93} INFO - 	at org.apache.spark.util.DependencyUtils$.resolveMavenDependencies(DependencyUtils.scala:185)
[2025-10-29T04:53:16.251+0700] {subprocess.py:93} INFO - 	at org.apache.spark.deploy.SparkSubmit.prepareSubmitEnvironment(SparkSubmit.scala:334)
[2025-10-29T04:53:16.251+0700] {subprocess.py:93} INFO - 	at org.apache.spark.deploy.SparkSubmit.org$apache$spark$deploy$SparkSubmit$$runMain(SparkSubmit.scala:964)
[2025-10-29T04:53:16.251+0700] {subprocess.py:93} INFO - 	at org.apache.spark.deploy.SparkSubmit.doRunMain$1(SparkSubmit.scala:194)
[2025-10-29T04:53:16.251+0700] {subprocess.py:93} INFO - 	at org.apache.spark.deploy.SparkSubmit.submit(SparkSubmit.scala:217)
[2025-10-29T04:53:16.251+0700] {subprocess.py:93} INFO - 	at org.apache.spark.deploy.SparkSubmit.doSubmit(SparkSubmit.scala:91)
[2025-10-29T04:53:16.251+0700] {subprocess.py:93} INFO - 	at org.apache.spark.deploy.SparkSubmit$$anon$2.doSubmit(SparkSubmit.scala:1120)
[2025-10-29T04:53:16.251+0700] {subprocess.py:93} INFO - 	at org.apache.spark.deploy.SparkSubmit$.main(SparkSubmit.scala:1129)
[2025-10-29T04:53:16.251+0700] {subprocess.py:93} INFO - 	at org.apache.spark.deploy.SparkSubmit.main(SparkSubmit.scala)
[2025-10-29T04:53:16.273+0700] {subprocess.py:97} INFO - Command exited with return code 1
[2025-10-29T04:53:16.274+0700] {taskinstance.py:441} INFO - ::group::Post task execution logs
[2025-10-29T04:53:16.280+0700] {taskinstance.py:2890} ERROR - Task failed with exception
Traceback (most recent call last):
  File "/home/airflow/.local/lib/python3.12/site-packages/airflow/models/taskinstance.py", line 460, in _execute_task
    result = _execute_callable(context=context, **execute_callable_kwargs)
             ^^^^^^^^^^^^^^^^^^^^^^^^^^^^^^^^^^^^^^^^^^^^^^^^^^^^^^^^^^^^^
  File "/home/airflow/.local/lib/python3.12/site-packages/airflow/models/taskinstance.py", line 432, in _execute_callable
    return execute_callable(context=context, **execute_callable_kwargs)
           ^^^^^^^^^^^^^^^^^^^^^^^^^^^^^^^^^^^^^^^^^^^^^^^^^^^^^^^^^^^^
  File "/home/airflow/.local/lib/python3.12/site-packages/airflow/models/baseoperator.py", line 400, in wrapper
    return func(self, *args, **kwargs)
           ^^^^^^^^^^^^^^^^^^^^^^^^^^^
  File "/home/airflow/.local/lib/python3.12/site-packages/airflow/operators/bash.py", line 243, in execute
    raise AirflowException(
airflow.exceptions.AirflowException: Bash command failed. The command returned a non-zero exit code 1.
[2025-10-29T04:53:16.283+0700] {taskinstance.py:1205} INFO - Marking task as UP_FOR_RETRY. dag_id=absa_streaming_lifecycle_demo1, task_id=deploy_consumer, execution_date=20251028T215252, start_date=20251028T215255, end_date=20251028T215316
[2025-10-29T04:53:16.291+0700] {standard_task_runner.py:110} ERROR - Failed to execute job 5 for task deploy_consumer (Bash command failed. The command returned a non-zero exit code 1.; 259)
[2025-10-29T04:53:16.317+0700] {local_task_job_runner.py:240} INFO - Task exited with return code 1
[2025-10-29T04:53:16.330+0700] {taskinstance.py:3482} INFO - 0 downstream tasks scheduled from follow-on schedule check
[2025-10-29T04:53:16.331+0700] {local_task_job_runner.py:222} INFO - ::endgroup::
